                                 Started job on |	Oct 19 12:43:13
                             Started mapping on |	Oct 19 12:43:27
                                    Finished on |	Oct 19 13:27:12
       Mapping speed, Million of reads per hour |	123.80

                          Number of input reads |	90268255
                      Average input read length |	307
                                    UNIQUE READS:
                   Uniquely mapped reads number |	53932071
                        Uniquely mapped reads % |	59.75%
                          Average mapped length |	301.26
                       Number of splices: Total |	46098519
            Number of splices: Annotated (sjdb) |	23172876
                       Number of splices: GT/AG |	44905697
                       Number of splices: GC/AG |	431741
                       Number of splices: AT/AC |	4419
               Number of splices: Non-canonical |	756662
                      Mismatch rate per base, % |	1.07%
                         Deletion rate per base |	0.07%
                        Deletion average length |	2.24
                        Insertion rate per base |	0.07%
                       Insertion average length |	1.73
                             MULTI-MAPPING READS:
        Number of reads mapped to multiple loci |	15170028
             % of reads mapped to multiple loci |	16.81%
        Number of reads mapped to too many loci |	17579
             % of reads mapped to too many loci |	0.02%
                                  UNMAPPED READS:
  Number of reads unmapped: too many mismatches |	0
       % of reads unmapped: too many mismatches |	0.00%
            Number of reads unmapped: too short |	19912895
                 % of reads unmapped: too short |	22.06%
                Number of reads unmapped: other |	1235682
                     % of reads unmapped: other |	1.37%
                                  CHIMERIC READS:
                       Number of chimeric reads |	0
                            % of chimeric reads |	0.00%
