                                 Started job on |	Oct 19 22:03:28
                             Started mapping on |	Oct 19 22:03:45
                                    Finished on |	Oct 19 23:08:21
       Mapping speed, Million of reads per hour |	97.74

                          Number of input reads |	105228972
                      Average input read length |	309
                                    UNIQUE READS:
                   Uniquely mapped reads number |	58430798
                        Uniquely mapped reads % |	55.53%
                          Average mapped length |	301.76
                       Number of splices: Total |	42031314
            Number of splices: Annotated (sjdb) |	20598778
                       Number of splices: GT/AG |	40856401
                       Number of splices: GC/AG |	385065
                       Number of splices: AT/AC |	6278
               Number of splices: Non-canonical |	783570
                      Mismatch rate per base, % |	1.12%
                         Deletion rate per base |	0.09%
                        Deletion average length |	2.60
                        Insertion rate per base |	0.07%
                       Insertion average length |	2.33
                             MULTI-MAPPING READS:
        Number of reads mapped to multiple loci |	18964841
             % of reads mapped to multiple loci |	18.02%
        Number of reads mapped to too many loci |	107705
             % of reads mapped to too many loci |	0.10%
                                  UNMAPPED READS:
  Number of reads unmapped: too many mismatches |	0
       % of reads unmapped: too many mismatches |	0.00%
            Number of reads unmapped: too short |	23225503
                 % of reads unmapped: too short |	22.07%
                Number of reads unmapped: other |	4500125
                     % of reads unmapped: other |	4.28%
                                  CHIMERIC READS:
                       Number of chimeric reads |	0
                            % of chimeric reads |	0.00%
