                                 Started job on |	Oct 19 23:08:21
                             Started mapping on |	Oct 19 23:08:39
                                    Finished on |	Oct 19 23:58:25
       Mapping speed, Million of reads per hour |	119.88

                          Number of input reads |	99436889
                      Average input read length |	310
                                    UNIQUE READS:
                   Uniquely mapped reads number |	58717860
                        Uniquely mapped reads % |	59.05%
                          Average mapped length |	303.95
                       Number of splices: Total |	48611397
            Number of splices: Annotated (sjdb) |	24057000
                       Number of splices: GT/AG |	47337681
                       Number of splices: GC/AG |	438474
                       Number of splices: AT/AC |	4418
               Number of splices: Non-canonical |	830824
                      Mismatch rate per base, % |	1.08%
                         Deletion rate per base |	0.08%
                        Deletion average length |	2.34
                        Insertion rate per base |	0.07%
                       Insertion average length |	1.79
                             MULTI-MAPPING READS:
        Number of reads mapped to multiple loci |	16884992
             % of reads mapped to multiple loci |	16.98%
        Number of reads mapped to too many loci |	25400
             % of reads mapped to too many loci |	0.03%
                                  UNMAPPED READS:
  Number of reads unmapped: too many mismatches |	0
       % of reads unmapped: too many mismatches |	0.00%
            Number of reads unmapped: too short |	22441490
                 % of reads unmapped: too short |	22.57%
                Number of reads unmapped: other |	1367147
                     % of reads unmapped: other |	1.37%
                                  CHIMERIC READS:
                       Number of chimeric reads |	0
                            % of chimeric reads |	0.00%
