                                 Started job on |	Oct 19 23:58:25
                             Started mapping on |	Oct 19 23:58:42
                                    Finished on |	Oct 20 00:56:41
       Mapping speed, Million of reads per hour |	107.51

                          Number of input reads |	103900405
                      Average input read length |	309
                                    UNIQUE READS:
                   Uniquely mapped reads number |	58311439
                        Uniquely mapped reads % |	56.12%
                          Average mapped length |	302.39
                       Number of splices: Total |	45639562
            Number of splices: Annotated (sjdb) |	22515201
                       Number of splices: GT/AG |	44330791
                       Number of splices: GC/AG |	442522
                       Number of splices: AT/AC |	5375
               Number of splices: Non-canonical |	860874
                      Mismatch rate per base, % |	1.10%
                         Deletion rate per base |	0.08%
                        Deletion average length |	2.46
                        Insertion rate per base |	0.07%
                       Insertion average length |	1.94
                             MULTI-MAPPING READS:
        Number of reads mapped to multiple loci |	17043673
             % of reads mapped to multiple loci |	16.40%
        Number of reads mapped to too many loci |	80563
             % of reads mapped to too many loci |	0.08%
                                  UNMAPPED READS:
  Number of reads unmapped: too many mismatches |	0
       % of reads unmapped: too many mismatches |	0.00%
            Number of reads unmapped: too short |	26150028
                 % of reads unmapped: too short |	25.17%
                Number of reads unmapped: other |	2314702
                     % of reads unmapped: other |	2.23%
                                  CHIMERIC READS:
                       Number of chimeric reads |	0
                            % of chimeric reads |	0.00%
