                                 Started job on |	Oct 20 02:58:48
                             Started mapping on |	Oct 20 02:59:05
                                    Finished on |	Oct 20 03:52:01
       Mapping speed, Million of reads per hour |	113.58

                          Number of input reads |	100199121
                      Average input read length |	308
                                    UNIQUE READS:
                   Uniquely mapped reads number |	58076882
                        Uniquely mapped reads % |	57.96%
                          Average mapped length |	302.03
                       Number of splices: Total |	45373015
            Number of splices: Annotated (sjdb) |	22877618
                       Number of splices: GT/AG |	44132833
                       Number of splices: GC/AG |	436719
                       Number of splices: AT/AC |	4482
               Number of splices: Non-canonical |	798981
                      Mismatch rate per base, % |	1.07%
                         Deletion rate per base |	0.08%
                        Deletion average length |	2.43
                        Insertion rate per base |	0.07%
                       Insertion average length |	2.02
                             MULTI-MAPPING READS:
        Number of reads mapped to multiple loci |	17755699
             % of reads mapped to multiple loci |	17.72%
        Number of reads mapped to too many loci |	35119
             % of reads mapped to too many loci |	0.04%
                                  UNMAPPED READS:
  Number of reads unmapped: too many mismatches |	0
       % of reads unmapped: too many mismatches |	0.00%
            Number of reads unmapped: too short |	22466852
                 % of reads unmapped: too short |	22.42%
                Number of reads unmapped: other |	1864569
                     % of reads unmapped: other |	1.86%
                                  CHIMERIC READS:
                       Number of chimeric reads |	0
                            % of chimeric reads |	0.00%
