                                 Started job on |	Oct 20 03:52:02
                             Started mapping on |	Oct 20 03:52:20
                                    Finished on |	Oct 20 05:02:37
       Mapping speed, Million of reads per hour |	90.86

                          Number of input reads |	106426630
                      Average input read length |	307
                                    UNIQUE READS:
                   Uniquely mapped reads number |	59369394
                        Uniquely mapped reads % |	55.78%
                          Average mapped length |	301.16
                       Number of splices: Total |	49070124
            Number of splices: Annotated (sjdb) |	23899947
                       Number of splices: GT/AG |	47640611
                       Number of splices: GC/AG |	523887
                       Number of splices: AT/AC |	6360
               Number of splices: Non-canonical |	899266
                      Mismatch rate per base, % |	1.06%
                         Deletion rate per base |	0.08%
                        Deletion average length |	2.38
                        Insertion rate per base |	0.07%
                       Insertion average length |	1.96
                             MULTI-MAPPING READS:
        Number of reads mapped to multiple loci |	18826394
             % of reads mapped to multiple loci |	17.69%
        Number of reads mapped to too many loci |	137656
             % of reads mapped to too many loci |	0.13%
                                  UNMAPPED READS:
  Number of reads unmapped: too many mismatches |	0
       % of reads unmapped: too many mismatches |	0.00%
            Number of reads unmapped: too short |	24073970
                 % of reads unmapped: too short |	22.62%
                Number of reads unmapped: other |	4019216
                     % of reads unmapped: other |	3.78%
                                  CHIMERIC READS:
                       Number of chimeric reads |	0
                            % of chimeric reads |	0.00%
