                                 Started job on |	Oct 20 06:00:48
                             Started mapping on |	Oct 20 06:01:05
                                    Finished on |	Oct 20 06:41:08
       Mapping speed, Million of reads per hour |	123.54

                          Number of input reads |	82462016
                      Average input read length |	307
                                    UNIQUE READS:
                   Uniquely mapped reads number |	48510686
                        Uniquely mapped reads % |	58.83%
                          Average mapped length |	301.11
                       Number of splices: Total |	41111842
            Number of splices: Annotated (sjdb) |	20024471
                       Number of splices: GT/AG |	39985299
                       Number of splices: GC/AG |	404649
                       Number of splices: AT/AC |	5733
               Number of splices: Non-canonical |	716161
                      Mismatch rate per base, % |	1.06%
                         Deletion rate per base |	0.08%
                        Deletion average length |	2.17
                        Insertion rate per base |	0.07%
                       Insertion average length |	1.74
                             MULTI-MAPPING READS:
        Number of reads mapped to multiple loci |	14202175
             % of reads mapped to multiple loci |	17.22%
        Number of reads mapped to too many loci |	18872
             % of reads mapped to too many loci |	0.02%
                                  UNMAPPED READS:
  Number of reads unmapped: too many mismatches |	0
       % of reads unmapped: too many mismatches |	0.00%
            Number of reads unmapped: too short |	18607088
                 % of reads unmapped: too short |	22.56%
                Number of reads unmapped: other |	1123195
                     % of reads unmapped: other |	1.36%
                                  CHIMERIC READS:
                       Number of chimeric reads |	0
                            % of chimeric reads |	0.00%
