                                 Started job on |	Oct 19 13:27:12
                             Started mapping on |	Oct 19 13:27:28
                                    Finished on |	Oct 19 14:39:43
       Mapping speed, Million of reads per hour |	75.25

                          Number of input reads |	90610984
                      Average input read length |	307
                                    UNIQUE READS:
                   Uniquely mapped reads number |	47639594
                        Uniquely mapped reads % |	52.58%
                          Average mapped length |	300.56
                       Number of splices: Total |	39023932
            Number of splices: Annotated (sjdb) |	18332652
                       Number of splices: GT/AG |	37826819
                       Number of splices: GC/AG |	504945
                       Number of splices: AT/AC |	4863
               Number of splices: Non-canonical |	687305
                      Mismatch rate per base, % |	1.09%
                         Deletion rate per base |	0.09%
                        Deletion average length |	2.65
                        Insertion rate per base |	0.07%
                       Insertion average length |	1.96
                             MULTI-MAPPING READS:
        Number of reads mapped to multiple loci |	16701562
             % of reads mapped to multiple loci |	18.43%
        Number of reads mapped to too many loci |	255962
             % of reads mapped to too many loci |	0.28%
                                  UNMAPPED READS:
  Number of reads unmapped: too many mismatches |	0
       % of reads unmapped: too many mismatches |	0.00%
            Number of reads unmapped: too short |	19789285
                 % of reads unmapped: too short |	21.84%
                Number of reads unmapped: other |	6224581
                     % of reads unmapped: other |	6.87%
                                  CHIMERIC READS:
                       Number of chimeric reads |	0
                            % of chimeric reads |	0.00%
