                                 Started job on |	Oct 20 07:29:10
                             Started mapping on |	Oct 20 07:29:27
                                    Finished on |	Oct 20 08:18:36
       Mapping speed, Million of reads per hour |	105.47

                          Number of input reads |	86394782
                      Average input read length |	308
                                    UNIQUE READS:
                   Uniquely mapped reads number |	46496776
                        Uniquely mapped reads % |	53.82%
                          Average mapped length |	300.98
                       Number of splices: Total |	35284586
            Number of splices: Annotated (sjdb) |	17115906
                       Number of splices: GT/AG |	34243703
                       Number of splices: GC/AG |	353480
                       Number of splices: AT/AC |	4082
               Number of splices: Non-canonical |	683321
                      Mismatch rate per base, % |	1.09%
                         Deletion rate per base |	0.09%
                        Deletion average length |	2.53
                        Insertion rate per base |	0.07%
                       Insertion average length |	2.08
                             MULTI-MAPPING READS:
        Number of reads mapped to multiple loci |	13728194
             % of reads mapped to multiple loci |	15.89%
        Number of reads mapped to too many loci |	72154
             % of reads mapped to too many loci |	0.08%
                                  UNMAPPED READS:
  Number of reads unmapped: too many mismatches |	0
       % of reads unmapped: too many mismatches |	0.00%
            Number of reads unmapped: too short |	24240820
                 % of reads unmapped: too short |	28.06%
                Number of reads unmapped: other |	1856838
                     % of reads unmapped: other |	2.15%
                                  CHIMERIC READS:
                       Number of chimeric reads |	0
                            % of chimeric reads |	0.00%
