                                 Started job on |	Oct 20 10:54:39
                             Started mapping on |	Oct 20 10:54:56
                                    Finished on |	Oct 20 11:46:29
       Mapping speed, Million of reads per hour |	113.10

                          Number of input reads |	97174309
                      Average input read length |	309
                                    UNIQUE READS:
                   Uniquely mapped reads number |	57240896
                        Uniquely mapped reads % |	58.91%
                          Average mapped length |	302.12
                       Number of splices: Total |	47111087
            Number of splices: Annotated (sjdb) |	22877485
                       Number of splices: GT/AG |	45758994
                       Number of splices: GC/AG |	471283
                       Number of splices: AT/AC |	4609
               Number of splices: Non-canonical |	876201
                      Mismatch rate per base, % |	1.07%
                         Deletion rate per base |	0.09%
                        Deletion average length |	2.34
                        Insertion rate per base |	0.07%
                       Insertion average length |	1.90
                             MULTI-MAPPING READS:
        Number of reads mapped to multiple loci |	16335578
             % of reads mapped to multiple loci |	16.81%
        Number of reads mapped to too many loci |	46198
             % of reads mapped to too many loci |	0.05%
                                  UNMAPPED READS:
  Number of reads unmapped: too many mismatches |	0
       % of reads unmapped: too many mismatches |	0.00%
            Number of reads unmapped: too short |	21881706
                 % of reads unmapped: too short |	22.52%
                Number of reads unmapped: other |	1669931
                     % of reads unmapped: other |	1.72%
                                  CHIMERIC READS:
                       Number of chimeric reads |	0
                            % of chimeric reads |	0.00%
