                                 Started job on |	Oct 20 11:46:29
                             Started mapping on |	Oct 20 11:46:47
                                    Finished on |	Oct 20 12:37:28
       Mapping speed, Million of reads per hour |	111.92

                          Number of input reads |	94540337
                      Average input read length |	309
                                    UNIQUE READS:
                   Uniquely mapped reads number |	54257019
                        Uniquely mapped reads % |	57.39%
                          Average mapped length |	302.88
                       Number of splices: Total |	43136376
            Number of splices: Annotated (sjdb) |	20941310
                       Number of splices: GT/AG |	41963854
                       Number of splices: GC/AG |	416911
                       Number of splices: AT/AC |	4546
               Number of splices: Non-canonical |	751065
                      Mismatch rate per base, % |	1.06%
                         Deletion rate per base |	0.09%
                        Deletion average length |	2.46
                        Insertion rate per base |	0.07%
                       Insertion average length |	2.13
                             MULTI-MAPPING READS:
        Number of reads mapped to multiple loci |	16020324
             % of reads mapped to multiple loci |	16.95%
        Number of reads mapped to too many loci |	42980
             % of reads mapped to too many loci |	0.05%
                                  UNMAPPED READS:
  Number of reads unmapped: too many mismatches |	0
       % of reads unmapped: too many mismatches |	0.00%
            Number of reads unmapped: too short |	21845540
                 % of reads unmapped: too short |	23.11%
                Number of reads unmapped: other |	2374474
                     % of reads unmapped: other |	2.51%
                                  CHIMERIC READS:
                       Number of chimeric reads |	0
                            % of chimeric reads |	0.00%
