                                 Started job on |	Oct 20 12:37:29
                             Started mapping on |	Oct 20 12:37:45
                                    Finished on |	Oct 20 13:38:23
       Mapping speed, Million of reads per hour |	94.19

                          Number of input reads |	95179945
                      Average input read length |	310
                                    UNIQUE READS:
                   Uniquely mapped reads number |	51975891
                        Uniquely mapped reads % |	54.61%
                          Average mapped length |	303.31
                       Number of splices: Total |	41607208
            Number of splices: Annotated (sjdb) |	20168635
                       Number of splices: GT/AG |	40451465
                       Number of splices: GC/AG |	447898
                       Number of splices: AT/AC |	5364
               Number of splices: Non-canonical |	702481
                      Mismatch rate per base, % |	1.11%
                         Deletion rate per base |	0.09%
                        Deletion average length |	2.44
                        Insertion rate per base |	0.07%
                       Insertion average length |	2.06
                             MULTI-MAPPING READS:
        Number of reads mapped to multiple loci |	15620571
             % of reads mapped to multiple loci |	16.41%
        Number of reads mapped to too many loci |	146596
             % of reads mapped to too many loci |	0.15%
                                  UNMAPPED READS:
  Number of reads unmapped: too many mismatches |	0
       % of reads unmapped: too many mismatches |	0.00%
            Number of reads unmapped: too short |	23680165
                 % of reads unmapped: too short |	24.88%
                Number of reads unmapped: other |	3756722
                     % of reads unmapped: other |	3.95%
                                  CHIMERIC READS:
                       Number of chimeric reads |	0
                            % of chimeric reads |	0.00%
