                                 Started job on |	Oct 20 13:38:23
                             Started mapping on |	Oct 20 13:38:40
                                    Finished on |	Oct 20 14:36:19
       Mapping speed, Million of reads per hour |	85.48

                          Number of input reads |	82132052
                      Average input read length |	309
                                    UNIQUE READS:
                   Uniquely mapped reads number |	45096155
                        Uniquely mapped reads % |	54.91%
                          Average mapped length |	302.55
                       Number of splices: Total |	37261706
            Number of splices: Annotated (sjdb) |	17714058
                       Number of splices: GT/AG |	36169792
                       Number of splices: GC/AG |	358367
                       Number of splices: AT/AC |	3827
               Number of splices: Non-canonical |	729720
                      Mismatch rate per base, % |	1.09%
                         Deletion rate per base |	0.09%
                        Deletion average length |	2.41
                        Insertion rate per base |	0.08%
                       Insertion average length |	1.85
                             MULTI-MAPPING READS:
        Number of reads mapped to multiple loci |	14249578
             % of reads mapped to multiple loci |	17.35%
        Number of reads mapped to too many loci |	164159
             % of reads mapped to too many loci |	0.20%
                                  UNMAPPED READS:
  Number of reads unmapped: too many mismatches |	0
       % of reads unmapped: too many mismatches |	0.00%
            Number of reads unmapped: too short |	18793460
                 % of reads unmapped: too short |	22.88%
                Number of reads unmapped: other |	3828700
                     % of reads unmapped: other |	4.66%
                                  CHIMERIC READS:
                       Number of chimeric reads |	0
                            % of chimeric reads |	0.00%
