                                 Started job on |	Oct 20 14:36:20
                             Started mapping on |	Oct 20 14:36:36
                                    Finished on |	Oct 20 15:23:32
       Mapping speed, Million of reads per hour |	110.90

                          Number of input reads |	86752132
                      Average input read length |	309
                                    UNIQUE READS:
                   Uniquely mapped reads number |	49538944
                        Uniquely mapped reads % |	57.10%
                          Average mapped length |	302.38
                       Number of splices: Total |	38633424
            Number of splices: Annotated (sjdb) |	19026790
                       Number of splices: GT/AG |	37498769
                       Number of splices: GC/AG |	401116
                       Number of splices: AT/AC |	3680
               Number of splices: Non-canonical |	729859
                      Mismatch rate per base, % |	1.11%
                         Deletion rate per base |	0.08%
                        Deletion average length |	2.40
                        Insertion rate per base |	0.07%
                       Insertion average length |	1.99
                             MULTI-MAPPING READS:
        Number of reads mapped to multiple loci |	14100592
             % of reads mapped to multiple loci |	16.25%
        Number of reads mapped to too many loci |	37278
             % of reads mapped to too many loci |	0.04%
                                  UNMAPPED READS:
  Number of reads unmapped: too many mismatches |	0
       % of reads unmapped: too many mismatches |	0.00%
            Number of reads unmapped: too short |	21674021
                 % of reads unmapped: too short |	24.98%
                Number of reads unmapped: other |	1401297
                     % of reads unmapped: other |	1.62%
                                  CHIMERIC READS:
                       Number of chimeric reads |	0
                            % of chimeric reads |	0.00%
