                                 Started job on |	Oct 19 14:39:44
                             Started mapping on |	Oct 19 14:40:01
                                    Finished on |	Oct 19 15:42:00
       Mapping speed, Million of reads per hour |	90.44

                          Number of input reads |	93429748
                      Average input read length |	307
                                    UNIQUE READS:
                   Uniquely mapped reads number |	52018191
                        Uniquely mapped reads % |	55.68%
                          Average mapped length |	300.29
                       Number of splices: Total |	43911715
            Number of splices: Annotated (sjdb) |	20853815
                       Number of splices: GT/AG |	42640718
                       Number of splices: GC/AG |	455214
                       Number of splices: AT/AC |	4903
               Number of splices: Non-canonical |	810880
                      Mismatch rate per base, % |	1.07%
                         Deletion rate per base |	0.09%
                        Deletion average length |	2.46
                        Insertion rate per base |	0.07%
                       Insertion average length |	1.86
                             MULTI-MAPPING READS:
        Number of reads mapped to multiple loci |	15772637
             % of reads mapped to multiple loci |	16.88%
        Number of reads mapped to too many loci |	165594
             % of reads mapped to too many loci |	0.18%
                                  UNMAPPED READS:
  Number of reads unmapped: too many mismatches |	0
       % of reads unmapped: too many mismatches |	0.00%
            Number of reads unmapped: too short |	21552193
                 % of reads unmapped: too short |	23.07%
                Number of reads unmapped: other |	3921133
                     % of reads unmapped: other |	4.20%
                                  CHIMERIC READS:
                       Number of chimeric reads |	0
                            % of chimeric reads |	0.00%
