                                 Started job on |	Oct 20 16:09:33
                             Started mapping on |	Oct 20 16:09:51
                                    Finished on |	Oct 20 17:17:53
       Mapping speed, Million of reads per hour |	82.61

                          Number of input reads |	93670165
                      Average input read length |	308
                                    UNIQUE READS:
                   Uniquely mapped reads number |	49966981
                        Uniquely mapped reads % |	53.34%
                          Average mapped length |	301.71
                       Number of splices: Total |	39742951
            Number of splices: Annotated (sjdb) |	18284956
                       Number of splices: GT/AG |	38694109
                       Number of splices: GC/AG |	338496
                       Number of splices: AT/AC |	5298
               Number of splices: Non-canonical |	705048
                      Mismatch rate per base, % |	1.08%
                         Deletion rate per base |	0.09%
                        Deletion average length |	2.58
                        Insertion rate per base |	0.07%
                       Insertion average length |	1.96
                             MULTI-MAPPING READS:
        Number of reads mapped to multiple loci |	16410670
             % of reads mapped to multiple loci |	17.52%
        Number of reads mapped to too many loci |	265246
             % of reads mapped to too many loci |	0.28%
                                  UNMAPPED READS:
  Number of reads unmapped: too many mismatches |	0
       % of reads unmapped: too many mismatches |	0.00%
            Number of reads unmapped: too short |	21707253
                 % of reads unmapped: too short |	23.17%
                Number of reads unmapped: other |	5320015
                     % of reads unmapped: other |	5.68%
                                  CHIMERIC READS:
                       Number of chimeric reads |	0
                            % of chimeric reads |	0.00%
