                                 Started job on |	Oct 20 17:17:54
                             Started mapping on |	Oct 20 17:18:12
                                    Finished on |	Oct 20 18:09:06
       Mapping speed, Million of reads per hour |	112.05

                          Number of input reads |	95057180
                      Average input read length |	309
                                    UNIQUE READS:
                   Uniquely mapped reads number |	56247088
                        Uniquely mapped reads % |	59.17%
                          Average mapped length |	302.90
                       Number of splices: Total |	45678584
            Number of splices: Annotated (sjdb) |	22657572
                       Number of splices: GT/AG |	44466110
                       Number of splices: GC/AG |	481118
                       Number of splices: AT/AC |	5441
               Number of splices: Non-canonical |	725915
                      Mismatch rate per base, % |	1.08%
                         Deletion rate per base |	0.08%
                        Deletion average length |	2.34
                        Insertion rate per base |	0.07%
                       Insertion average length |	2.05
                             MULTI-MAPPING READS:
        Number of reads mapped to multiple loci |	16781989
             % of reads mapped to multiple loci |	17.65%
        Number of reads mapped to too many loci |	25625
             % of reads mapped to too many loci |	0.03%
                                  UNMAPPED READS:
  Number of reads unmapped: too many mismatches |	0
       % of reads unmapped: too many mismatches |	0.00%
            Number of reads unmapped: too short |	20564622
                 % of reads unmapped: too short |	21.63%
                Number of reads unmapped: other |	1437856
                     % of reads unmapped: other |	1.51%
                                  CHIMERIC READS:
                       Number of chimeric reads |	0
                            % of chimeric reads |	0.00%
