                                 Started job on |	Oct 20 19:01:12
                             Started mapping on |	Oct 20 19:01:30
                                    Finished on |	Oct 20 19:55:14
       Mapping speed, Million of reads per hour |	101.59

                          Number of input reads |	90975920
                      Average input read length |	310
                                    UNIQUE READS:
                   Uniquely mapped reads number |	46775023
                        Uniquely mapped reads % |	51.41%
                          Average mapped length |	302.76
                       Number of splices: Total |	37815897
            Number of splices: Annotated (sjdb) |	18928485
                       Number of splices: GT/AG |	36716133
                       Number of splices: GC/AG |	402608
                       Number of splices: AT/AC |	4175
               Number of splices: Non-canonical |	692981
                      Mismatch rate per base, % |	1.11%
                         Deletion rate per base |	0.09%
                        Deletion average length |	2.48
                        Insertion rate per base |	0.07%
                       Insertion average length |	2.08
                             MULTI-MAPPING READS:
        Number of reads mapped to multiple loci |	13616933
             % of reads mapped to multiple loci |	14.97%
        Number of reads mapped to too many loci |	72287
             % of reads mapped to too many loci |	0.08%
                                  UNMAPPED READS:
  Number of reads unmapped: too many mismatches |	0
       % of reads unmapped: too many mismatches |	0.00%
            Number of reads unmapped: too short |	28721231
                 % of reads unmapped: too short |	31.57%
                Number of reads unmapped: other |	1790446
                     % of reads unmapped: other |	1.97%
                                  CHIMERIC READS:
                       Number of chimeric reads |	0
                            % of chimeric reads |	0.00%
