                                 Started job on |	Oct 20 19:55:15
                             Started mapping on |	Oct 20 19:55:32
                                    Finished on |	Oct 20 20:52:52
       Mapping speed, Million of reads per hour |	100.31

                          Number of input reads |	95852395
                      Average input read length |	310
                                    UNIQUE READS:
                   Uniquely mapped reads number |	52836616
                        Uniquely mapped reads % |	55.12%
                          Average mapped length |	302.91
                       Number of splices: Total |	41451192
            Number of splices: Annotated (sjdb) |	20400388
                       Number of splices: GT/AG |	40335827
                       Number of splices: GC/AG |	417637
                       Number of splices: AT/AC |	5162
               Number of splices: Non-canonical |	692566
                      Mismatch rate per base, % |	1.12%
                         Deletion rate per base |	0.09%
                        Deletion average length |	2.63
                        Insertion rate per base |	0.07%
                       Insertion average length |	2.07
                             MULTI-MAPPING READS:
        Number of reads mapped to multiple loci |	17138463
             % of reads mapped to multiple loci |	17.88%
        Number of reads mapped to too many loci |	119348
             % of reads mapped to too many loci |	0.12%
                                  UNMAPPED READS:
  Number of reads unmapped: too many mismatches |	0
       % of reads unmapped: too many mismatches |	0.00%
            Number of reads unmapped: too short |	22663020
                 % of reads unmapped: too short |	23.64%
                Number of reads unmapped: other |	3094948
                     % of reads unmapped: other |	3.23%
                                  CHIMERIC READS:
                       Number of chimeric reads |	0
                            % of chimeric reads |	0.00%
