                                 Started job on |	Oct 20 21:43:50
                             Started mapping on |	Oct 20 21:44:07
                                    Finished on |	Oct 20 22:43:30
       Mapping speed, Million of reads per hour |	83.16

                          Number of input reads |	82302493
                      Average input read length |	310
                                    UNIQUE READS:
                   Uniquely mapped reads number |	45604928
                        Uniquely mapped reads % |	55.41%
                          Average mapped length |	303.14
                       Number of splices: Total |	36307239
            Number of splices: Annotated (sjdb) |	17632019
                       Number of splices: GT/AG |	35259881
                       Number of splices: GC/AG |	358598
                       Number of splices: AT/AC |	4421
               Number of splices: Non-canonical |	684339
                      Mismatch rate per base, % |	1.11%
                         Deletion rate per base |	0.08%
                        Deletion average length |	2.47
                        Insertion rate per base |	0.07%
                       Insertion average length |	2.07
                             MULTI-MAPPING READS:
        Number of reads mapped to multiple loci |	14946317
             % of reads mapped to multiple loci |	18.16%
        Number of reads mapped to too many loci |	162080
             % of reads mapped to too many loci |	0.20%
                                  UNMAPPED READS:
  Number of reads unmapped: too many mismatches |	0
       % of reads unmapped: too many mismatches |	0.00%
            Number of reads unmapped: too short |	17814289
                 % of reads unmapped: too short |	21.64%
                Number of reads unmapped: other |	3774879
                     % of reads unmapped: other |	4.59%
                                  CHIMERIC READS:
                       Number of chimeric reads |	0
                            % of chimeric reads |	0.00%
