                                 Started job on |	Oct 20 22:43:31
                             Started mapping on |	Oct 20 22:43:47
                                    Finished on |	Oct 20 23:32:18
       Mapping speed, Million of reads per hour |	111.91

                          Number of input reads |	90491855
                      Average input read length |	309
                                    UNIQUE READS:
                   Uniquely mapped reads number |	52087378
                        Uniquely mapped reads % |	57.56%
                          Average mapped length |	302.21
                       Number of splices: Total |	41929598
            Number of splices: Annotated (sjdb) |	20707159
                       Number of splices: GT/AG |	40766630
                       Number of splices: GC/AG |	379721
                       Number of splices: AT/AC |	4026
               Number of splices: Non-canonical |	779221
                      Mismatch rate per base, % |	1.09%
                         Deletion rate per base |	0.09%
                        Deletion average length |	2.41
                        Insertion rate per base |	0.07%
                       Insertion average length |	2.06
                             MULTI-MAPPING READS:
        Number of reads mapped to multiple loci |	15544021
             % of reads mapped to multiple loci |	17.18%
        Number of reads mapped to too many loci |	28474
             % of reads mapped to too many loci |	0.03%
                                  UNMAPPED READS:
  Number of reads unmapped: too many mismatches |	0
       % of reads unmapped: too many mismatches |	0.00%
            Number of reads unmapped: too short |	21334339
                 % of reads unmapped: too short |	23.58%
                Number of reads unmapped: other |	1497643
                     % of reads unmapped: other |	1.66%
                                  CHIMERIC READS:
                       Number of chimeric reads |	0
                            % of chimeric reads |	0.00%
