                                 Started job on |	Oct 19 15:42:00
                             Started mapping on |	Oct 19 15:42:17
                                    Finished on |	Oct 19 16:48:04
       Mapping speed, Million of reads per hour |	76.94

                          Number of input reads |	84355948
                      Average input read length |	310
                                    UNIQUE READS:
                   Uniquely mapped reads number |	34861676
                        Uniquely mapped reads % |	41.33%
                          Average mapped length |	303.54
                       Number of splices: Total |	27566848
            Number of splices: Annotated (sjdb) |	12971276
                       Number of splices: GT/AG |	26784260
                       Number of splices: GC/AG |	285628
                       Number of splices: AT/AC |	3969
               Number of splices: Non-canonical |	492991
                      Mismatch rate per base, % |	1.08%
                         Deletion rate per base |	0.10%
                        Deletion average length |	2.72
                        Insertion rate per base |	0.07%
                       Insertion average length |	2.03
                             MULTI-MAPPING READS:
        Number of reads mapped to multiple loci |	11292290
             % of reads mapped to multiple loci |	13.39%
        Number of reads mapped to too many loci |	184996
             % of reads mapped to too many loci |	0.22%
                                  UNMAPPED READS:
  Number of reads unmapped: too many mismatches |	0
       % of reads unmapped: too many mismatches |	0.00%
            Number of reads unmapped: too short |	33899448
                 % of reads unmapped: too short |	40.19%
                Number of reads unmapped: other |	4117538
                     % of reads unmapped: other |	4.88%
                                  CHIMERIC READS:
                       Number of chimeric reads |	0
                            % of chimeric reads |	0.00%
