                                 Started job on |	Oct 21 01:09:47
                             Started mapping on |	Oct 21 01:10:03
                                    Finished on |	Oct 21 01:58:42
       Mapping speed, Million of reads per hour |	116.07

                          Number of input reads |	94112091
                      Average input read length |	308
                                    UNIQUE READS:
                   Uniquely mapped reads number |	56139164
                        Uniquely mapped reads % |	59.65%
                          Average mapped length |	302.29
                       Number of splices: Total |	46438990
            Number of splices: Annotated (sjdb) |	22681980
                       Number of splices: GT/AG |	45271286
                       Number of splices: GC/AG |	396868
                       Number of splices: AT/AC |	4544
               Number of splices: Non-canonical |	766292
                      Mismatch rate per base, % |	1.07%
                         Deletion rate per base |	0.08%
                        Deletion average length |	2.31
                        Insertion rate per base |	0.07%
                       Insertion average length |	1.92
                             MULTI-MAPPING READS:
        Number of reads mapped to multiple loci |	16572650
             % of reads mapped to multiple loci |	17.61%
        Number of reads mapped to too many loci |	24443
             % of reads mapped to too many loci |	0.03%
                                  UNMAPPED READS:
  Number of reads unmapped: too many mismatches |	0
       % of reads unmapped: too many mismatches |	0.00%
            Number of reads unmapped: too short |	19856011
                 % of reads unmapped: too short |	21.10%
                Number of reads unmapped: other |	1519823
                     % of reads unmapped: other |	1.61%
                                  CHIMERIC READS:
                       Number of chimeric reads |	0
                            % of chimeric reads |	0.00%
