                                 Started job on |	Oct 21 01:58:42
                             Started mapping on |	Oct 21 01:58:59
                                    Finished on |	Oct 21 02:50:21
       Mapping speed, Million of reads per hour |	119.13

                          Number of input reads |	101991150
                      Average input read length |	309
                                    UNIQUE READS:
                   Uniquely mapped reads number |	58814183
                        Uniquely mapped reads % |	57.67%
                          Average mapped length |	303.18
                       Number of splices: Total |	47021123
            Number of splices: Annotated (sjdb) |	23931836
                       Number of splices: GT/AG |	45792331
                       Number of splices: GC/AG |	509731
                       Number of splices: AT/AC |	4724
               Number of splices: Non-canonical |	714337
                      Mismatch rate per base, % |	1.07%
                         Deletion rate per base |	0.07%
                        Deletion average length |	2.28
                        Insertion rate per base |	0.06%
                       Insertion average length |	1.89
                             MULTI-MAPPING READS:
        Number of reads mapped to multiple loci |	17921339
             % of reads mapped to multiple loci |	17.57%
        Number of reads mapped to too many loci |	25086
             % of reads mapped to too many loci |	0.02%
                                  UNMAPPED READS:
  Number of reads unmapped: too many mismatches |	0
       % of reads unmapped: too many mismatches |	0.00%
            Number of reads unmapped: too short |	23725116
                 % of reads unmapped: too short |	23.26%
                Number of reads unmapped: other |	1505426
                     % of reads unmapped: other |	1.48%
                                  CHIMERIC READS:
                       Number of chimeric reads |	0
                            % of chimeric reads |	0.00%
