                                 Started job on |	Oct 21 02:50:21
                             Started mapping on |	Oct 21 02:50:38
                                    Finished on |	Oct 21 03:38:28
       Mapping speed, Million of reads per hour |	101.88

                          Number of input reads |	81217438
                      Average input read length |	309
                                    UNIQUE READS:
                   Uniquely mapped reads number |	47787816
                        Uniquely mapped reads % |	58.84%
                          Average mapped length |	302.90
                       Number of splices: Total |	40632270
            Number of splices: Annotated (sjdb) |	19540431
                       Number of splices: GT/AG |	39589545
                       Number of splices: GC/AG |	358724
                       Number of splices: AT/AC |	4160
               Number of splices: Non-canonical |	679841
                      Mismatch rate per base, % |	1.08%
                         Deletion rate per base |	0.08%
                        Deletion average length |	2.36
                        Insertion rate per base |	0.07%
                       Insertion average length |	1.93
                             MULTI-MAPPING READS:
        Number of reads mapped to multiple loci |	14215317
             % of reads mapped to multiple loci |	17.50%
        Number of reads mapped to too many loci |	26068
             % of reads mapped to too many loci |	0.03%
                                  UNMAPPED READS:
  Number of reads unmapped: too many mismatches |	0
       % of reads unmapped: too many mismatches |	0.00%
            Number of reads unmapped: too short |	17573394
                 % of reads unmapped: too short |	21.64%
                Number of reads unmapped: other |	1614843
                     % of reads unmapped: other |	1.99%
                                  CHIMERIC READS:
                       Number of chimeric reads |	0
                            % of chimeric reads |	0.00%
