                                 Started job on |	Oct 21 03:38:29
                             Started mapping on |	Oct 21 03:38:45
                                    Finished on |	Oct 21 05:00:26
       Mapping speed, Million of reads per hour |	117.97

                          Number of input reads |	160598293
                      Average input read length |	309
                                    UNIQUE READS:
                   Uniquely mapped reads number |	92876151
                        Uniquely mapped reads % |	57.83%
                          Average mapped length |	302.69
                       Number of splices: Total |	74394760
            Number of splices: Annotated (sjdb) |	38079913
                       Number of splices: GT/AG |	72445777
                       Number of splices: GC/AG |	703227
                       Number of splices: AT/AC |	7819
               Number of splices: Non-canonical |	1237937
                      Mismatch rate per base, % |	1.07%
                         Deletion rate per base |	0.08%
                        Deletion average length |	2.22
                        Insertion rate per base |	0.07%
                       Insertion average length |	1.80
                             MULTI-MAPPING READS:
        Number of reads mapped to multiple loci |	27111106
             % of reads mapped to multiple loci |	16.88%
        Number of reads mapped to too many loci |	41225
             % of reads mapped to too many loci |	0.03%
                                  UNMAPPED READS:
  Number of reads unmapped: too many mismatches |	0
       % of reads unmapped: too many mismatches |	0.00%
            Number of reads unmapped: too short |	37811360
                 % of reads unmapped: too short |	23.54%
                Number of reads unmapped: other |	2758451
                     % of reads unmapped: other |	1.72%
                                  CHIMERIC READS:
                       Number of chimeric reads |	0
                            % of chimeric reads |	0.00%
