                                 Started job on |	Oct 21 05:00:26
                             Started mapping on |	Oct 21 05:00:43
                                    Finished on |	Oct 21 05:02:31
       Mapping speed, Million of reads per hour |	62.67

                          Number of input reads |	1880103
                      Average input read length |	310
                                    UNIQUE READS:
                   Uniquely mapped reads number |	1086014
                        Uniquely mapped reads % |	57.76%
                          Average mapped length |	303.08
                       Number of splices: Total |	921134
            Number of splices: Annotated (sjdb) |	454469
                       Number of splices: GT/AG |	894754
                       Number of splices: GC/AG |	11011
                       Number of splices: AT/AC |	81
               Number of splices: Non-canonical |	15288
                      Mismatch rate per base, % |	1.09%
                         Deletion rate per base |	0.09%
                        Deletion average length |	2.53
                        Insertion rate per base |	0.07%
                       Insertion average length |	1.89
                             MULTI-MAPPING READS:
        Number of reads mapped to multiple loci |	312144
             % of reads mapped to multiple loci |	16.60%
        Number of reads mapped to too many loci |	1141
             % of reads mapped to too many loci |	0.06%
                                  UNMAPPED READS:
  Number of reads unmapped: too many mismatches |	0
       % of reads unmapped: too many mismatches |	0.00%
            Number of reads unmapped: too short |	433018
                 % of reads unmapped: too short |	23.03%
                Number of reads unmapped: other |	47786
                     % of reads unmapped: other |	2.54%
                                  CHIMERIC READS:
                       Number of chimeric reads |	0
                            % of chimeric reads |	0.00%
