                                 Started job on |	Oct 21 05:02:32
                             Started mapping on |	Oct 21 05:02:49
                                    Finished on |	Oct 21 05:50:33
       Mapping speed, Million of reads per hour |	107.61

                          Number of input reads |	85608161
                      Average input read length |	309
                                    UNIQUE READS:
                   Uniquely mapped reads number |	50568160
                        Uniquely mapped reads % |	59.07%
                          Average mapped length |	302.87
                       Number of splices: Total |	41584953
            Number of splices: Annotated (sjdb) |	19629209
                       Number of splices: GT/AG |	40562541
                       Number of splices: GC/AG |	405220
                       Number of splices: AT/AC |	4275
               Number of splices: Non-canonical |	612917
                      Mismatch rate per base, % |	1.07%
                         Deletion rate per base |	0.09%
                        Deletion average length |	2.48
                        Insertion rate per base |	0.07%
                       Insertion average length |	1.97
                             MULTI-MAPPING READS:
        Number of reads mapped to multiple loci |	14810000
             % of reads mapped to multiple loci |	17.30%
        Number of reads mapped to too many loci |	27304
             % of reads mapped to too many loci |	0.03%
                                  UNMAPPED READS:
  Number of reads unmapped: too many mismatches |	0
       % of reads unmapped: too many mismatches |	0.00%
            Number of reads unmapped: too short |	18760307
                 % of reads unmapped: too short |	21.91%
                Number of reads unmapped: other |	1442390
                     % of reads unmapped: other |	1.68%
                                  CHIMERIC READS:
                       Number of chimeric reads |	0
                            % of chimeric reads |	0.00%
