                                 Started job on |	Oct 21 05:50:33
                             Started mapping on |	Oct 21 05:50:50
                                    Finished on |	Oct 21 06:46:27
       Mapping speed, Million of reads per hour |	108.00

                          Number of input reads |	100109672
                      Average input read length |	309
                                    UNIQUE READS:
                   Uniquely mapped reads number |	56708738
                        Uniquely mapped reads % |	56.65%
                          Average mapped length |	301.94
                       Number of splices: Total |	48027157
            Number of splices: Annotated (sjdb) |	23125792
                       Number of splices: GT/AG |	46718224
                       Number of splices: GC/AG |	483080
                       Number of splices: AT/AC |	4690
               Number of splices: Non-canonical |	821163
                      Mismatch rate per base, % |	1.08%
                         Deletion rate per base |	0.08%
                        Deletion average length |	2.42
                        Insertion rate per base |	0.07%
                       Insertion average length |	1.93
                             MULTI-MAPPING READS:
        Number of reads mapped to multiple loci |	17241093
             % of reads mapped to multiple loci |	17.22%
        Number of reads mapped to too many loci |	57016
             % of reads mapped to too many loci |	0.06%
                                  UNMAPPED READS:
  Number of reads unmapped: too many mismatches |	0
       % of reads unmapped: too many mismatches |	0.00%
            Number of reads unmapped: too short |	24171146
                 % of reads unmapped: too short |	24.14%
                Number of reads unmapped: other |	1931679
                     % of reads unmapped: other |	1.93%
                                  CHIMERIC READS:
                       Number of chimeric reads |	0
                            % of chimeric reads |	0.00%
