                                 Started job on |	Oct 21 06:46:28
                             Started mapping on |	Oct 21 06:46:45
                                    Finished on |	Oct 21 07:34:20
       Mapping speed, Million of reads per hour |	110.31

                          Number of input reads |	87479564
                      Average input read length |	309
                                    UNIQUE READS:
                   Uniquely mapped reads number |	51241867
                        Uniquely mapped reads % |	58.58%
                          Average mapped length |	302.52
                       Number of splices: Total |	42145864
            Number of splices: Annotated (sjdb) |	20965285
                       Number of splices: GT/AG |	41068386
                       Number of splices: GC/AG |	414466
                       Number of splices: AT/AC |	4233
               Number of splices: Non-canonical |	658779
                      Mismatch rate per base, % |	1.09%
                         Deletion rate per base |	0.08%
                        Deletion average length |	2.35
                        Insertion rate per base |	0.07%
                       Insertion average length |	1.94
                             MULTI-MAPPING READS:
        Number of reads mapped to multiple loci |	14952365
             % of reads mapped to multiple loci |	17.09%
        Number of reads mapped to too many loci |	34705
             % of reads mapped to too many loci |	0.04%
                                  UNMAPPED READS:
  Number of reads unmapped: too many mismatches |	0
       % of reads unmapped: too many mismatches |	0.00%
            Number of reads unmapped: too short |	19835875
                 % of reads unmapped: too short |	22.67%
                Number of reads unmapped: other |	1414752
                     % of reads unmapped: other |	1.62%
                                  CHIMERIC READS:
                       Number of chimeric reads |	0
                            % of chimeric reads |	0.00%
