                                 Started job on |	Oct 21 10:34:48
                             Started mapping on |	Oct 21 10:35:04
                                    Finished on |	Oct 21 11:25:21
       Mapping speed, Million of reads per hour |	114.02

                          Number of input reads |	95558815
                      Average input read length |	305
                                    UNIQUE READS:
                   Uniquely mapped reads number |	54909470
                        Uniquely mapped reads % |	57.46%
                          Average mapped length |	299.20
                       Number of splices: Total |	46731279
            Number of splices: Annotated (sjdb) |	21862603
                       Number of splices: GT/AG |	45405865
                       Number of splices: GC/AG |	444659
                       Number of splices: AT/AC |	4740
               Number of splices: Non-canonical |	876015
                      Mismatch rate per base, % |	1.04%
                         Deletion rate per base |	0.09%
                        Deletion average length |	2.34
                        Insertion rate per base |	0.08%
                       Insertion average length |	1.80
                             MULTI-MAPPING READS:
        Number of reads mapped to multiple loci |	15973235
             % of reads mapped to multiple loci |	16.72%
        Number of reads mapped to too many loci |	32339
             % of reads mapped to too many loci |	0.03%
                                  UNMAPPED READS:
  Number of reads unmapped: too many mismatches |	0
       % of reads unmapped: too many mismatches |	0.00%
            Number of reads unmapped: too short |	22867113
                 % of reads unmapped: too short |	23.93%
                Number of reads unmapped: other |	1776658
                     % of reads unmapped: other |	1.86%
                                  CHIMERIC READS:
                       Number of chimeric reads |	0
                            % of chimeric reads |	0.00%
