                                 Started job on |	Oct 21 11:25:21
                             Started mapping on |	Oct 21 11:25:38
                                    Finished on |	Oct 21 12:58:30
       Mapping speed, Million of reads per hour |	87.96

                          Number of input reads |	136143560
                      Average input read length |	306
                                    UNIQUE READS:
                   Uniquely mapped reads number |	74667791
                        Uniquely mapped reads % |	54.84%
                          Average mapped length |	299.98
                       Number of splices: Total |	60231329
            Number of splices: Annotated (sjdb) |	28858988
                       Number of splices: GT/AG |	58578107
                       Number of splices: GC/AG |	594100
                       Number of splices: AT/AC |	7126
               Number of splices: Non-canonical |	1051996
                      Mismatch rate per base, % |	1.06%
                         Deletion rate per base |	0.09%
                        Deletion average length |	2.42
                        Insertion rate per base |	0.07%
                       Insertion average length |	1.89
                             MULTI-MAPPING READS:
        Number of reads mapped to multiple loci |	24988815
             % of reads mapped to multiple loci |	18.35%
        Number of reads mapped to too many loci |	270112
             % of reads mapped to too many loci |	0.20%
                                  UNMAPPED READS:
  Number of reads unmapped: too many mismatches |	0
       % of reads unmapped: too many mismatches |	0.00%
            Number of reads unmapped: too short |	29115170
                 % of reads unmapped: too short |	21.39%
                Number of reads unmapped: other |	7101672
                     % of reads unmapped: other |	5.22%
                                  CHIMERIC READS:
                       Number of chimeric reads |	0
                            % of chimeric reads |	0.00%
