                                 Started job on |	Oct 21 14:06:19
                             Started mapping on |	Oct 21 14:06:36
                                    Finished on |	Oct 21 14:57:23
       Mapping speed, Million of reads per hour |	120.38

                          Number of input reads |	101892079
                      Average input read length |	303
                                    UNIQUE READS:
                   Uniquely mapped reads number |	60211848
                        Uniquely mapped reads % |	59.09%
                          Average mapped length |	297.50
                       Number of splices: Total |	49633789
            Number of splices: Annotated (sjdb) |	24138829
                       Number of splices: GT/AG |	48356950
                       Number of splices: GC/AG |	484834
                       Number of splices: AT/AC |	5121
               Number of splices: Non-canonical |	786884
                      Mismatch rate per base, % |	1.04%
                         Deletion rate per base |	0.08%
                        Deletion average length |	2.36
                        Insertion rate per base |	0.07%
                       Insertion average length |	1.79
                             MULTI-MAPPING READS:
        Number of reads mapped to multiple loci |	17689518
             % of reads mapped to multiple loci |	17.36%
        Number of reads mapped to too many loci |	31388
             % of reads mapped to too many loci |	0.03%
                                  UNMAPPED READS:
  Number of reads unmapped: too many mismatches |	0
       % of reads unmapped: too many mismatches |	0.00%
            Number of reads unmapped: too short |	22360874
                 % of reads unmapped: too short |	21.95%
                Number of reads unmapped: other |	1598451
                     % of reads unmapped: other |	1.57%
                                  CHIMERIC READS:
                       Number of chimeric reads |	0
                            % of chimeric reads |	0.00%
