                                 Started job on |	Oct 21 14:57:23
                             Started mapping on |	Oct 21 14:57:40
                                    Finished on |	Oct 21 15:59:35
       Mapping speed, Million of reads per hour |	114.81

                          Number of input reads |	118476384
                      Average input read length |	303
                                    UNIQUE READS:
                   Uniquely mapped reads number |	70023138
                        Uniquely mapped reads % |	59.10%
                          Average mapped length |	297.70
                       Number of splices: Total |	55316556
            Number of splices: Annotated (sjdb) |	27415478
                       Number of splices: GT/AG |	53841020
                       Number of splices: GC/AG |	526004
                       Number of splices: AT/AC |	5805
               Number of splices: Non-canonical |	943727
                      Mismatch rate per base, % |	1.05%
                         Deletion rate per base |	0.08%
                        Deletion average length |	2.29
                        Insertion rate per base |	0.07%
                       Insertion average length |	1.98
                             MULTI-MAPPING READS:
        Number of reads mapped to multiple loci |	21983019
             % of reads mapped to multiple loci |	18.55%
        Number of reads mapped to too many loci |	38206
             % of reads mapped to too many loci |	0.03%
                                  UNMAPPED READS:
  Number of reads unmapped: too many mismatches |	0
       % of reads unmapped: too many mismatches |	0.00%
            Number of reads unmapped: too short |	24598130
                 % of reads unmapped: too short |	20.76%
                Number of reads unmapped: other |	1833891
                     % of reads unmapped: other |	1.55%
                                  CHIMERIC READS:
                       Number of chimeric reads |	0
                            % of chimeric reads |	0.00%
