                                 Started job on |	Oct 21 15:59:35
                             Started mapping on |	Oct 21 15:59:52
                                    Finished on |	Oct 21 16:50:33
       Mapping speed, Million of reads per hour |	112.52

                          Number of input reads |	95046374
                      Average input read length |	309
                                    UNIQUE READS:
                   Uniquely mapped reads number |	55564409
                        Uniquely mapped reads % |	58.46%
                          Average mapped length |	302.29
                       Number of splices: Total |	46015297
            Number of splices: Annotated (sjdb) |	21985285
                       Number of splices: GT/AG |	44632457
                       Number of splices: GC/AG |	505112
                       Number of splices: AT/AC |	5375
               Number of splices: Non-canonical |	872353
                      Mismatch rate per base, % |	1.07%
                         Deletion rate per base |	0.09%
                        Deletion average length |	2.37
                        Insertion rate per base |	0.07%
                       Insertion average length |	1.92
                             MULTI-MAPPING READS:
        Number of reads mapped to multiple loci |	16086097
             % of reads mapped to multiple loci |	16.92%
        Number of reads mapped to too many loci |	24842
             % of reads mapped to too many loci |	0.03%
                                  UNMAPPED READS:
  Number of reads unmapped: too many mismatches |	0
       % of reads unmapped: too many mismatches |	0.00%
            Number of reads unmapped: too short |	21449660
                 % of reads unmapped: too short |	22.57%
                Number of reads unmapped: other |	1921366
                     % of reads unmapped: other |	2.02%
                                  CHIMERIC READS:
                       Number of chimeric reads |	0
                            % of chimeric reads |	0.00%
