                                 Started job on |	Oct 21 16:50:33
                             Started mapping on |	Oct 21 16:50:50
                                    Finished on |	Oct 21 17:38:26
       Mapping speed, Million of reads per hour |	121.18

                          Number of input reads |	96136548
                      Average input read length |	302
                                    UNIQUE READS:
                   Uniquely mapped reads number |	56476582
                        Uniquely mapped reads % |	58.75%
                          Average mapped length |	296.79
                       Number of splices: Total |	44812650
            Number of splices: Annotated (sjdb) |	21883634
                       Number of splices: GT/AG |	43681323
                       Number of splices: GC/AG |	441204
                       Number of splices: AT/AC |	4662
               Number of splices: Non-canonical |	685461
                      Mismatch rate per base, % |	1.04%
                         Deletion rate per base |	0.08%
                        Deletion average length |	2.38
                        Insertion rate per base |	0.07%
                       Insertion average length |	1.97
                             MULTI-MAPPING READS:
        Number of reads mapped to multiple loci |	17263788
             % of reads mapped to multiple loci |	17.96%
        Number of reads mapped to too many loci |	29508
             % of reads mapped to too many loci |	0.03%
                                  UNMAPPED READS:
  Number of reads unmapped: too many mismatches |	0
       % of reads unmapped: too many mismatches |	0.00%
            Number of reads unmapped: too short |	20158087
                 % of reads unmapped: too short |	20.97%
                Number of reads unmapped: other |	2208583
                     % of reads unmapped: other |	2.30%
                                  CHIMERIC READS:
                       Number of chimeric reads |	0
                            % of chimeric reads |	0.00%
