                                 Started job on |	Oct 19 17:27:21
                             Started mapping on |	Oct 19 17:27:38
                                    Finished on |	Oct 19 18:04:17
       Mapping speed, Million of reads per hour |	117.50

                          Number of input reads |	71772930
                      Average input read length |	306
                                    UNIQUE READS:
                   Uniquely mapped reads number |	42309712
                        Uniquely mapped reads % |	58.95%
                          Average mapped length |	300.47
                       Number of splices: Total |	35246517
            Number of splices: Annotated (sjdb) |	17593352
                       Number of splices: GT/AG |	34269396
                       Number of splices: GC/AG |	357972
                       Number of splices: AT/AC |	2785
               Number of splices: Non-canonical |	616364
                      Mismatch rate per base, % |	1.07%
                         Deletion rate per base |	0.08%
                        Deletion average length |	2.25
                        Insertion rate per base |	0.07%
                       Insertion average length |	1.78
                             MULTI-MAPPING READS:
        Number of reads mapped to multiple loci |	12488709
             % of reads mapped to multiple loci |	17.40%
        Number of reads mapped to too many loci |	26612
             % of reads mapped to too many loci |	0.04%
                                  UNMAPPED READS:
  Number of reads unmapped: too many mismatches |	0
       % of reads unmapped: too many mismatches |	0.00%
            Number of reads unmapped: too short |	15766749
                 % of reads unmapped: too short |	21.97%
                Number of reads unmapped: other |	1181148
                     % of reads unmapped: other |	1.65%
                                  CHIMERIC READS:
                       Number of chimeric reads |	0
                            % of chimeric reads |	0.00%
