                                 Started job on |	Oct 21 18:52:35
                             Started mapping on |	Oct 21 18:52:52
                                    Finished on |	Oct 21 19:58:40
       Mapping speed, Million of reads per hour |	105.18

                          Number of input reads |	115345095
                      Average input read length |	305
                                    UNIQUE READS:
                   Uniquely mapped reads number |	63621846
                        Uniquely mapped reads % |	55.16%
                          Average mapped length |	299.39
                       Number of splices: Total |	52991536
            Number of splices: Annotated (sjdb) |	25440575
                       Number of splices: GT/AG |	51408466
                       Number of splices: GC/AG |	552616
                       Number of splices: AT/AC |	6675
               Number of splices: Non-canonical |	1023779
                      Mismatch rate per base, % |	1.06%
                         Deletion rate per base |	0.09%
                        Deletion average length |	2.31
                        Insertion rate per base |	0.08%
                       Insertion average length |	1.80
                             MULTI-MAPPING READS:
        Number of reads mapped to multiple loci |	20808801
             % of reads mapped to multiple loci |	18.04%
        Number of reads mapped to too many loci |	63154
             % of reads mapped to too many loci |	0.05%
                                  UNMAPPED READS:
  Number of reads unmapped: too many mismatches |	0
       % of reads unmapped: too many mismatches |	0.00%
            Number of reads unmapped: too short |	26177249
                 % of reads unmapped: too short |	22.69%
                Number of reads unmapped: other |	4674045
                     % of reads unmapped: other |	4.05%
                                  CHIMERIC READS:
                       Number of chimeric reads |	0
                            % of chimeric reads |	0.00%
