                                 Started job on |	Oct 21 22:59:39
                             Started mapping on |	Oct 21 22:59:57
                                    Finished on |	Oct 22 00:01:27
       Mapping speed, Million of reads per hour |	95.69

                          Number of input reads |	98082908
                      Average input read length |	305
                                    UNIQUE READS:
                   Uniquely mapped reads number |	54881895
                        Uniquely mapped reads % |	55.95%
                          Average mapped length |	298.96
                       Number of splices: Total |	44822114
            Number of splices: Annotated (sjdb) |	21688047
                       Number of splices: GT/AG |	43520270
                       Number of splices: GC/AG |	474538
                       Number of splices: AT/AC |	5705
               Number of splices: Non-canonical |	821601
                      Mismatch rate per base, % |	1.08%
                         Deletion rate per base |	0.09%
                        Deletion average length |	2.35
                        Insertion rate per base |	0.07%
                       Insertion average length |	2.00
                             MULTI-MAPPING READS:
        Number of reads mapped to multiple loci |	17379693
             % of reads mapped to multiple loci |	17.72%
        Number of reads mapped to too many loci |	92874
             % of reads mapped to too many loci |	0.09%
                                  UNMAPPED READS:
  Number of reads unmapped: too many mismatches |	0
       % of reads unmapped: too many mismatches |	0.00%
            Number of reads unmapped: too short |	22749114
                 % of reads unmapped: too short |	23.19%
                Number of reads unmapped: other |	2979332
                     % of reads unmapped: other |	3.04%
                                  CHIMERIC READS:
                       Number of chimeric reads |	0
                            % of chimeric reads |	0.00%
