                                 Started job on |	Oct 19 18:04:18
                             Started mapping on |	Oct 19 18:04:34
                                    Finished on |	Oct 19 18:56:00
       Mapping speed, Million of reads per hour |	84.51

                          Number of input reads |	72447848
                      Average input read length |	304
                                    UNIQUE READS:
                   Uniquely mapped reads number |	38385935
                        Uniquely mapped reads % |	52.98%
                          Average mapped length |	298.53
                       Number of splices: Total |	32686877
            Number of splices: Annotated (sjdb) |	15517195
                       Number of splices: GT/AG |	31691270
                       Number of splices: GC/AG |	396366
                       Number of splices: AT/AC |	4177
               Number of splices: Non-canonical |	595064
                      Mismatch rate per base, % |	1.07%
                         Deletion rate per base |	0.09%
                        Deletion average length |	2.42
                        Insertion rate per base |	0.07%
                       Insertion average length |	1.97
                             MULTI-MAPPING READS:
        Number of reads mapped to multiple loci |	11820095
             % of reads mapped to multiple loci |	16.32%
        Number of reads mapped to too many loci |	146810
             % of reads mapped to too many loci |	0.20%
                                  UNMAPPED READS:
  Number of reads unmapped: too many mismatches |	0
       % of reads unmapped: too many mismatches |	0.00%
            Number of reads unmapped: too short |	18040567
                 % of reads unmapped: too short |	24.90%
                Number of reads unmapped: other |	4054441
                     % of reads unmapped: other |	5.60%
                                  CHIMERIC READS:
                       Number of chimeric reads |	0
                            % of chimeric reads |	0.00%
