                                 Started job on |	Oct 19 19:46:34
                             Started mapping on |	Oct 19 19:46:51
                                    Finished on |	Oct 19 20:49:27
       Mapping speed, Million of reads per hour |	103.57

                          Number of input reads |	108057849
                      Average input read length |	308
                                    UNIQUE READS:
                   Uniquely mapped reads number |	60403057
                        Uniquely mapped reads % |	55.90%
                          Average mapped length |	301.46
                       Number of splices: Total |	48105599
            Number of splices: Annotated (sjdb) |	22857075
                       Number of splices: GT/AG |	46581483
                       Number of splices: GC/AG |	505308
                       Number of splices: AT/AC |	6063
               Number of splices: Non-canonical |	1012745
                      Mismatch rate per base, % |	1.12%
                         Deletion rate per base |	0.09%
                        Deletion average length |	2.52
                        Insertion rate per base |	0.08%
                       Insertion average length |	2.00
                             MULTI-MAPPING READS:
        Number of reads mapped to multiple loci |	18160209
             % of reads mapped to multiple loci |	16.81%
        Number of reads mapped to too many loci |	94742
             % of reads mapped to too many loci |	0.09%
                                  UNMAPPED READS:
  Number of reads unmapped: too many mismatches |	0
       % of reads unmapped: too many mismatches |	0.00%
            Number of reads unmapped: too short |	26838954
                 % of reads unmapped: too short |	24.84%
                Number of reads unmapped: other |	2560887
                     % of reads unmapped: other |	2.37%
                                  CHIMERIC READS:
                       Number of chimeric reads |	0
                            % of chimeric reads |	0.00%
