                                 Started job on |	Aug 22 15:47:53
                             Started mapping on |	Aug 22 15:48:19
                                    Finished on |	Aug 22 16:44:10
       Mapping speed, Million of reads per hour |	90.86

                          Number of input reads |	84577623
                      Average input read length |	309
                                    UNIQUE READS:
                   Uniquely mapped reads number |	65204630
                        Uniquely mapped reads % |	77.09%
                          Average mapped length |	304.04
                       Number of splices: Total |	52077437
            Number of splices: Annotated (sjdb) |	25034852
                       Number of splices: GT/AG |	51200455
                       Number of splices: GC/AG |	382523
                       Number of splices: AT/AC |	4671
               Number of splices: Non-canonical |	489788
                      Mismatch rate per base, % |	0.68%
                         Deletion rate per base |	0.05%
                        Deletion average length |	2.69
                        Insertion rate per base |	0.04%
                       Insertion average length |	2.14
                             MULTI-MAPPING READS:
        Number of reads mapped to multiple loci |	10792757
             % of reads mapped to multiple loci |	12.76%
        Number of reads mapped to too many loci |	24599
             % of reads mapped to too many loci |	0.03%
                                  UNMAPPED READS:
  Number of reads unmapped: too many mismatches |	0
       % of reads unmapped: too many mismatches |	0.00%
            Number of reads unmapped: too short |	7928357
                 % of reads unmapped: too short |	9.37%
                Number of reads unmapped: other |	627280
                     % of reads unmapped: other |	0.74%
                                  CHIMERIC READS:
                       Number of chimeric reads |	0
                            % of chimeric reads |	0.00%
