                                 Started job on |	Aug 22 17:19:28
                             Started mapping on |	Aug 22 17:19:52
                                    Finished on |	Aug 22 17:21:44
       Mapping speed, Million of reads per hour |	60.43

                          Number of input reads |	1880103
                      Average input read length |	310
                                    UNIQUE READS:
                   Uniquely mapped reads number |	1506859
                        Uniquely mapped reads % |	80.15%
                          Average mapped length |	305.05
                       Number of splices: Total |	1308181
            Number of splices: Annotated (sjdb) |	663239
                       Number of splices: GT/AG |	1284348
                       Number of splices: GC/AG |	11574
                       Number of splices: AT/AC |	115
               Number of splices: Non-canonical |	12144
                      Mismatch rate per base, % |	0.70%
                         Deletion rate per base |	0.04%
                        Deletion average length |	2.62
                        Insertion rate per base |	0.04%
                       Insertion average length |	2.03
                             MULTI-MAPPING READS:
        Number of reads mapped to multiple loci |	186693
             % of reads mapped to multiple loci |	9.93%
        Number of reads mapped to too many loci |	1402
             % of reads mapped to too many loci |	0.07%
                                  UNMAPPED READS:
  Number of reads unmapped: too many mismatches |	0
       % of reads unmapped: too many mismatches |	0.00%
            Number of reads unmapped: too short |	166482
                 % of reads unmapped: too short |	8.85%
                Number of reads unmapped: other |	18667
                     % of reads unmapped: other |	0.99%
                                  CHIMERIC READS:
                       Number of chimeric reads |	0
                            % of chimeric reads |	0.00%
