                                 Started job on |	Aug 22 17:10:37
                             Started mapping on |	Aug 22 17:10:58
                                    Finished on |	Aug 22 18:48:50
       Mapping speed, Million of reads per hour |	98.46

                          Number of input reads |	160598301
                      Average input read length |	309
                                    UNIQUE READS:
                   Uniquely mapped reads number |	129673614
                        Uniquely mapped reads % |	80.74%
                          Average mapped length |	304.58
                       Number of splices: Total |	103553378
            Number of splices: Annotated (sjdb) |	51948745
                       Number of splices: GT/AG |	101798446
                       Number of splices: GC/AG |	781519
                       Number of splices: AT/AC |	9505
               Number of splices: Non-canonical |	963908
                      Mismatch rate per base, % |	0.69%
                         Deletion rate per base |	0.04%
                        Deletion average length |	2.48
                        Insertion rate per base |	0.04%
                       Insertion average length |	1.97
                             MULTI-MAPPING READS:
        Number of reads mapped to multiple loci |	15134733
             % of reads mapped to multiple loci |	9.42%
        Number of reads mapped to too many loci |	39055
             % of reads mapped to too many loci |	0.02%
                                  UNMAPPED READS:
  Number of reads unmapped: too many mismatches |	0
       % of reads unmapped: too many mismatches |	0.00%
            Number of reads unmapped: too short |	14911933
                 % of reads unmapped: too short |	9.29%
                Number of reads unmapped: other |	838966
                     % of reads unmapped: other |	0.52%
                                  CHIMERIC READS:
                       Number of chimeric reads |	0
                            % of chimeric reads |	0.00%
