                                 Started job on |	Aug 22 15:32:24
                             Started mapping on |	Aug 22 15:32:52
                                    Finished on |	Aug 22 16:39:59
       Mapping speed, Million of reads per hour |	84.91

                          Number of input reads |	94977392
                      Average input read length |	310
                                    UNIQUE READS:
                   Uniquely mapped reads number |	75636514
                        Uniquely mapped reads % |	79.64%
                          Average mapped length |	305.46
                       Number of splices: Total |	61230810
            Number of splices: Annotated (sjdb) |	30131528
                       Number of splices: GT/AG |	60232399
                       Number of splices: GC/AG |	477665
                       Number of splices: AT/AC |	5704
               Number of splices: Non-canonical |	515042
                      Mismatch rate per base, % |	0.69%
                         Deletion rate per base |	0.04%
                        Deletion average length |	2.53
                        Insertion rate per base |	0.04%
                       Insertion average length |	2.04
                             MULTI-MAPPING READS:
        Number of reads mapped to multiple loci |	10161065
             % of reads mapped to multiple loci |	10.70%
        Number of reads mapped to too many loci |	40097
             % of reads mapped to too many loci |	0.04%
                                  UNMAPPED READS:
  Number of reads unmapped: too many mismatches |	0
       % of reads unmapped: too many mismatches |	0.00%
            Number of reads unmapped: too short |	8576536
                 % of reads unmapped: too short |	9.03%
                Number of reads unmapped: other |	563180
                     % of reads unmapped: other |	0.59%
                                  CHIMERIC READS:
                       Number of chimeric reads |	0
                            % of chimeric reads |	0.00%
