                                 Started job on |	Aug 22 15:45:34
                             Started mapping on |	Aug 22 15:46:08
                                    Finished on |	Aug 22 17:31:28
       Mapping speed, Million of reads per hour |	51.82

                          Number of input reads |	90975925
                      Average input read length |	310
                                    UNIQUE READS:
                   Uniquely mapped reads number |	65278054
                        Uniquely mapped reads % |	71.75%
                          Average mapped length |	305.09
                       Number of splices: Total |	53127488
            Number of splices: Annotated (sjdb) |	26935125
                       Number of splices: GT/AG |	52197374
                       Number of splices: GC/AG |	438461
                       Number of splices: AT/AC |	5883
               Number of splices: Non-canonical |	485770
                      Mismatch rate per base, % |	0.70%
                         Deletion rate per base |	0.05%
                        Deletion average length |	2.64
                        Insertion rate per base |	0.04%
                       Insertion average length |	2.16
                             MULTI-MAPPING READS:
        Number of reads mapped to multiple loci |	8265716
             % of reads mapped to multiple loci |	9.09%
        Number of reads mapped to too many loci |	43149
             % of reads mapped to too many loci |	0.05%
                                  UNMAPPED READS:
  Number of reads unmapped: too many mismatches |	0
       % of reads unmapped: too many mismatches |	0.00%
            Number of reads unmapped: too short |	16750535
                 % of reads unmapped: too short |	18.41%
                Number of reads unmapped: other |	638471
                     % of reads unmapped: other |	0.70%
                                  CHIMERIC READS:
                       Number of chimeric reads |	0
                            % of chimeric reads |	0.00%
