                                 Started job on |	Aug 22 13:26:38
                             Started mapping on |	Aug 22 13:26:58
                                    Finished on |	Aug 22 14:30:43
       Mapping speed, Million of reads per hour |	81.31

                          Number of input reads |	86394821
                      Average input read length |	308
                                    UNIQUE READS:
                   Uniquely mapped reads number |	66308530
                        Uniquely mapped reads % |	76.75%
                          Average mapped length |	302.98
                       Number of splices: Total |	51199060
            Number of splices: Annotated (sjdb) |	24963876
                       Number of splices: GT/AG |	50260741
                       Number of splices: GC/AG |	392480
                       Number of splices: AT/AC |	5534
               Number of splices: Non-canonical |	540305
                      Mismatch rate per base, % |	0.69%
                         Deletion rate per base |	0.05%
                        Deletion average length |	2.66
                        Insertion rate per base |	0.04%
                       Insertion average length |	2.09
                             MULTI-MAPPING READS:
        Number of reads mapped to multiple loci |	8554699
             % of reads mapped to multiple loci |	9.90%
        Number of reads mapped to too many loci |	42400
             % of reads mapped to too many loci |	0.05%
                                  UNMAPPED READS:
  Number of reads unmapped: too many mismatches |	0
       % of reads unmapped: too many mismatches |	0.00%
            Number of reads unmapped: too short |	10817657
                 % of reads unmapped: too short |	12.52%
                Number of reads unmapped: other |	671535
                     % of reads unmapped: other |	0.78%
                                  CHIMERIC READS:
                       Number of chimeric reads |	0
                            % of chimeric reads |	0.00%
