                                 Started job on |	Aug 22 17:53:33
                             Started mapping on |	Aug 22 17:53:53
                                    Finished on |	Aug 22 19:40:46
       Mapping speed, Million of reads per hour |	47.35

                          Number of input reads |	84355954
                      Average input read length |	310
                                    UNIQUE READS:
                   Uniquely mapped reads number |	49667078
                        Uniquely mapped reads % |	58.88%
                          Average mapped length |	305.60
                       Number of splices: Total |	39565778
            Number of splices: Annotated (sjdb) |	18659487
                       Number of splices: GT/AG |	38781797
                       Number of splices: GC/AG |	317328
                       Number of splices: AT/AC |	3558
               Number of splices: Non-canonical |	463095
                      Mismatch rate per base, % |	0.68%
                         Deletion rate per base |	0.05%
                        Deletion average length |	2.77
                        Insertion rate per base |	0.04%
                       Insertion average length |	2.19
                             MULTI-MAPPING READS:
        Number of reads mapped to multiple loci |	8791411
             % of reads mapped to multiple loci |	10.42%
        Number of reads mapped to too many loci |	140101
             % of reads mapped to too many loci |	0.17%
                                  UNMAPPED READS:
  Number of reads unmapped: too many mismatches |	0
       % of reads unmapped: too many mismatches |	0.00%
            Number of reads unmapped: too short |	24216397
                 % of reads unmapped: too short |	28.71%
                Number of reads unmapped: other |	1540967
                     % of reads unmapped: other |	1.83%
                                  CHIMERIC READS:
                       Number of chimeric reads |	0
                            % of chimeric reads |	0.00%
