                                 Started job on |	Aug 22 19:02:16
                             Started mapping on |	Aug 22 19:02:38
                                    Finished on |	Aug 22 20:07:29
       Mapping speed, Million of reads per hour |	109.62

                          Number of input reads |	118476387
                      Average input read length |	303
                                    UNIQUE READS:
                   Uniquely mapped reads number |	96477626
                        Uniquely mapped reads % |	81.43%
                          Average mapped length |	299.36
                       Number of splices: Total |	75461421
            Number of splices: Annotated (sjdb) |	39516749
                       Number of splices: GT/AG |	74111268
                       Number of splices: GC/AG |	611114
                       Number of splices: AT/AC |	6936
               Number of splices: Non-canonical |	732103
                      Mismatch rate per base, % |	0.67%
                         Deletion rate per base |	0.04%
                        Deletion average length |	2.43
                        Insertion rate per base |	0.04%
                       Insertion average length |	2.06
                             MULTI-MAPPING READS:
        Number of reads mapped to multiple loci |	11129850
             % of reads mapped to multiple loci |	9.39%
        Number of reads mapped to too many loci |	35790
             % of reads mapped to too many loci |	0.03%
                                  UNMAPPED READS:
  Number of reads unmapped: too many mismatches |	0
       % of reads unmapped: too many mismatches |	0.00%
            Number of reads unmapped: too short |	10295070
                 % of reads unmapped: too short |	8.69%
                Number of reads unmapped: other |	538051
                     % of reads unmapped: other |	0.45%
                                  CHIMERIC READS:
                       Number of chimeric reads |	0
                            % of chimeric reads |	0.00%
