                                 Started job on |	Aug 22 16:52:12
                             Started mapping on |	Aug 22 16:52:36
                                    Finished on |	Aug 22 17:58:07
       Mapping speed, Million of reads per hour |	93.40

                          Number of input reads |	101991167
                      Average input read length |	309
                                    UNIQUE READS:
                   Uniquely mapped reads number |	82987004
                        Uniquely mapped reads % |	81.37%
                          Average mapped length |	305.10
                       Number of splices: Total |	66736819
            Number of splices: Annotated (sjdb) |	34744329
                       Number of splices: GT/AG |	65575541
                       Number of splices: GC/AG |	554750
                       Number of splices: AT/AC |	6103
               Number of splices: Non-canonical |	600425
                      Mismatch rate per base, % |	0.69%
                         Deletion rate per base |	0.04%
                        Deletion average length |	2.51
                        Insertion rate per base |	0.04%
                       Insertion average length |	1.97
                             MULTI-MAPPING READS:
        Number of reads mapped to multiple loci |	9089838
             % of reads mapped to multiple loci |	8.91%
        Number of reads mapped to too many loci |	17387
             % of reads mapped to too many loci |	0.02%
                                  UNMAPPED READS:
  Number of reads unmapped: too many mismatches |	0
       % of reads unmapped: too many mismatches |	0.00%
            Number of reads unmapped: too short |	9396681
                 % of reads unmapped: too short |	9.21%
                Number of reads unmapped: other |	500257
                     % of reads unmapped: other |	0.49%
                                  CHIMERIC READS:
                       Number of chimeric reads |	0
                            % of chimeric reads |	0.00%
