                                 Started job on |	Aug 22 14:58:27
                             Started mapping on |	Aug 22 14:58:50
                                    Finished on |	Aug 22 15:47:50
       Mapping speed, Million of reads per hour |	107.60

                          Number of input reads |	87874898
                      Average input read length |	308
                                    UNIQUE READS:
                   Uniquely mapped reads number |	71429056
                        Uniquely mapped reads % |	81.28%
                          Average mapped length |	304.16
                       Number of splices: Total |	58273568
            Number of splices: Annotated (sjdb) |	29895387
                       Number of splices: GT/AG |	57402217
                       Number of splices: GC/AG |	402958
                       Number of splices: AT/AC |	5374
               Number of splices: Non-canonical |	463019
                      Mismatch rate per base, % |	0.69%
                         Deletion rate per base |	0.04%
                        Deletion average length |	2.46
                        Insertion rate per base |	0.04%
                       Insertion average length |	2.07
                             MULTI-MAPPING READS:
        Number of reads mapped to multiple loci |	7630699
             % of reads mapped to multiple loci |	8.68%
        Number of reads mapped to too many loci |	17972
             % of reads mapped to too many loci |	0.02%
                                  UNMAPPED READS:
  Number of reads unmapped: too many mismatches |	0
       % of reads unmapped: too many mismatches |	0.00%
            Number of reads unmapped: too short |	8439819
                 % of reads unmapped: too short |	9.60%
                Number of reads unmapped: other |	357352
                     % of reads unmapped: other |	0.41%
                                  CHIMERIC READS:
                       Number of chimeric reads |	0
                            % of chimeric reads |	0.00%
