                                 Started job on |	Aug 22 14:30:57
                             Started mapping on |	Aug 22 14:32:04
                                    Finished on |	Aug 22 17:27:10
       Mapping speed, Million of reads per hour |	29.73

                          Number of input reads |	86752429
                      Average input read length |	309
                                    UNIQUE READS:
                   Uniquely mapped reads number |	69819980
                        Uniquely mapped reads % |	80.48%
                          Average mapped length |	304.39
                       Number of splices: Total |	54497306
            Number of splices: Annotated (sjdb) |	27554128
                       Number of splices: GT/AG |	53563871
                       Number of splices: GC/AG |	432929
                       Number of splices: AT/AC |	6326
               Number of splices: Non-canonical |	494180
                      Mismatch rate per base, % |	0.71%
                         Deletion rate per base |	0.05%
                        Deletion average length |	2.61
                        Insertion rate per base |	0.04%
                       Insertion average length |	2.06
                             MULTI-MAPPING READS:
        Number of reads mapped to multiple loci |	7918226
             % of reads mapped to multiple loci |	9.13%
        Number of reads mapped to too many loci |	24171
             % of reads mapped to too many loci |	0.03%
                                  UNMAPPED READS:
  Number of reads unmapped: too many mismatches |	0
       % of reads unmapped: too many mismatches |	0.00%
            Number of reads unmapped: too short |	8442289
                 % of reads unmapped: too short |	9.73%
                Number of reads unmapped: other |	547763
                     % of reads unmapped: other |	0.63%
                                  CHIMERIC READS:
                       Number of chimeric reads |	0
                            % of chimeric reads |	0.00%
