                                 Started job on |	Aug 22 12:06:57
                             Started mapping on |	Aug 22 12:07:22
                                    Finished on |	Aug 22 13:50:49
       Mapping speed, Million of reads per hour |	64.14

                          Number of input reads |	110581420
                      Average input read length |	309
                                    UNIQUE READS:
                   Uniquely mapped reads number |	84733654
                        Uniquely mapped reads % |	76.63%
                          Average mapped length |	304.42
                       Number of splices: Total |	69063741
            Number of splices: Annotated (sjdb) |	34552774
                       Number of splices: GT/AG |	67685980
                       Number of splices: GC/AG |	603697
                       Number of splices: AT/AC |	7285
               Number of splices: Non-canonical |	766779
                      Mismatch rate per base, % |	0.70%
                         Deletion rate per base |	0.05%
                        Deletion average length |	2.59
                        Insertion rate per base |	0.04%
                       Insertion average length |	2.12
                             MULTI-MAPPING READS:
        Number of reads mapped to multiple loci |	13791716
             % of reads mapped to multiple loci |	12.47%
        Number of reads mapped to too many loci |	178952
             % of reads mapped to too many loci |	0.16%
                                  UNMAPPED READS:
  Number of reads unmapped: too many mismatches |	0
       % of reads unmapped: too many mismatches |	0.00%
            Number of reads unmapped: too short |	9950734
                 % of reads unmapped: too short |	9.00%
                Number of reads unmapped: other |	1926364
                     % of reads unmapped: other |	1.74%
                                  CHIMERIC READS:
                       Number of chimeric reads |	0
                            % of chimeric reads |	0.00%
