                                 Started job on |	Aug 22 17:58:10
                             Started mapping on |	Aug 22 17:58:35
                                    Finished on |	Aug 22 19:21:50
       Mapping speed, Million of reads per hour |	78.70

                          Number of input reads |	109193326
                      Average input read length |	306
                                    UNIQUE READS:
                   Uniquely mapped reads number |	81448652
                        Uniquely mapped reads % |	74.59%
                          Average mapped length |	301.29
                       Number of splices: Total |	70308538
            Number of splices: Annotated (sjdb) |	35738344
                       Number of splices: GT/AG |	69120581
                       Number of splices: GC/AG |	546629
                       Number of splices: AT/AC |	6418
               Number of splices: Non-canonical |	634910
                      Mismatch rate per base, % |	0.68%
                         Deletion rate per base |	0.04%
                        Deletion average length |	2.49
                        Insertion rate per base |	0.04%
                       Insertion average length |	1.95
                             MULTI-MAPPING READS:
        Number of reads mapped to multiple loci |	10181969
             % of reads mapped to multiple loci |	9.32%
        Number of reads mapped to too many loci |	26053
             % of reads mapped to too many loci |	0.02%
                                  UNMAPPED READS:
  Number of reads unmapped: too many mismatches |	0
       % of reads unmapped: too many mismatches |	0.00%
            Number of reads unmapped: too short |	16963898
                 % of reads unmapped: too short |	15.54%
                Number of reads unmapped: other |	572754
                     % of reads unmapped: other |	0.52%
                                  CHIMERIC READS:
                       Number of chimeric reads |	0
                            % of chimeric reads |	0.00%
