                                 Started job on |	Aug 22 19:40:49
                             Started mapping on |	Aug 22 19:41:13
                                    Finished on |	Aug 22 21:11:43
       Mapping speed, Million of reads per hour |	76.47

                          Number of input reads |	115345102
                      Average input read length |	305
                                    UNIQUE READS:
                   Uniquely mapped reads number |	89116816
                        Uniquely mapped reads % |	77.26%
                          Average mapped length |	300.87
                       Number of splices: Total |	73250942
            Number of splices: Annotated (sjdb) |	34823740
                       Number of splices: GT/AG |	71954621
                       Number of splices: GC/AG |	568511
                       Number of splices: AT/AC |	6499
               Number of splices: Non-canonical |	721311
                      Mismatch rate per base, % |	0.69%
                         Deletion rate per base |	0.05%
                        Deletion average length |	2.52
                        Insertion rate per base |	0.04%
                       Insertion average length |	2.05
                             MULTI-MAPPING READS:
        Number of reads mapped to multiple loci |	15015361
             % of reads mapped to multiple loci |	13.02%
        Number of reads mapped to too many loci |	31708
             % of reads mapped to too many loci |	0.03%
                                  UNMAPPED READS:
  Number of reads unmapped: too many mismatches |	0
       % of reads unmapped: too many mismatches |	0.00%
            Number of reads unmapped: too short |	10514792
                 % of reads unmapped: too short |	9.12%
                Number of reads unmapped: other |	666425
                     % of reads unmapped: other |	0.58%
                                  CHIMERIC READS:
                       Number of chimeric reads |	0
                            % of chimeric reads |	0.00%
