                                 Started job on |	Aug 22 14:30:46
                             Started mapping on |	Aug 22 14:31:05
                                    Finished on |	Aug 22 15:46:57
       Mapping speed, Million of reads per hour |	64.96

                          Number of input reads |	82132056
                      Average input read length |	309
                                    UNIQUE READS:
                   Uniquely mapped reads number |	63038065
                        Uniquely mapped reads % |	76.75%
                          Average mapped length |	304.52
                       Number of splices: Total |	52490782
            Number of splices: Annotated (sjdb) |	25274373
                       Number of splices: GT/AG |	51556731
                       Number of splices: GC/AG |	407482
                       Number of splices: AT/AC |	5203
               Number of splices: Non-canonical |	521366
                      Mismatch rate per base, % |	0.68%
                         Deletion rate per base |	0.05%
                        Deletion average length |	2.59
                        Insertion rate per base |	0.04%
                       Insertion average length |	2.10
                             MULTI-MAPPING READS:
        Number of reads mapped to multiple loci |	10059068
             % of reads mapped to multiple loci |	12.25%
        Number of reads mapped to too many loci |	103428
             % of reads mapped to too many loci |	0.13%
                                  UNMAPPED READS:
  Number of reads unmapped: too many mismatches |	0
       % of reads unmapped: too many mismatches |	0.00%
            Number of reads unmapped: too short |	7487016
                 % of reads unmapped: too short |	9.12%
                Number of reads unmapped: other |	1444479
                     % of reads unmapped: other |	1.76%
                                  CHIMERIC READS:
                       Number of chimeric reads |	0
                            % of chimeric reads |	0.00%
