                                 Started job on |	Aug 22 17:04:48
                             Started mapping on |	Aug 22 17:05:07
                                    Finished on |	Aug 22 17:53:30
       Mapping speed, Million of reads per hour |	100.72

                          Number of input reads |	81217459
                      Average input read length |	309
                                    UNIQUE READS:
                   Uniquely mapped reads number |	65050442
                        Uniquely mapped reads % |	80.09%
                          Average mapped length |	304.68
                       Number of splices: Total |	55786491
            Number of splices: Annotated (sjdb) |	28418595
                       Number of splices: GT/AG |	54871237
                       Number of splices: GC/AG |	444962
                       Number of splices: AT/AC |	4680
               Number of splices: Non-canonical |	465612
                      Mismatch rate per base, % |	0.71%
                         Deletion rate per base |	0.05%
                        Deletion average length |	2.56
                        Insertion rate per base |	0.04%
                       Insertion average length |	1.95
                             MULTI-MAPPING READS:
        Number of reads mapped to multiple loci |	8179592
             % of reads mapped to multiple loci |	10.07%
        Number of reads mapped to too many loci |	19187
             % of reads mapped to too many loci |	0.02%
                                  UNMAPPED READS:
  Number of reads unmapped: too many mismatches |	0
       % of reads unmapped: too many mismatches |	0.00%
            Number of reads unmapped: too short |	7516237
                 % of reads unmapped: too short |	9.25%
                Number of reads unmapped: other |	452001
                     % of reads unmapped: other |	0.56%
                                  CHIMERIC READS:
                       Number of chimeric reads |	0
                            % of chimeric reads |	0.00%
