                                 Started job on |	Aug 22 14:14:35
                             Started mapping on |	Aug 22 14:14:59
                                    Finished on |	Aug 22 15:19:45
       Mapping speed, Million of reads per hour |	87.58

                          Number of input reads |	94540352
                      Average input read length |	309
                                    UNIQUE READS:
                   Uniquely mapped reads number |	75190378
                        Uniquely mapped reads % |	79.53%
                          Average mapped length |	304.70
                       Number of splices: Total |	60421046
            Number of splices: Annotated (sjdb) |	31034390
                       Number of splices: GT/AG |	59424705
                       Number of splices: GC/AG |	478108
                       Number of splices: AT/AC |	6079
               Number of splices: Non-canonical |	512154
                      Mismatch rate per base, % |	0.67%
                         Deletion rate per base |	0.05%
                        Deletion average length |	2.55
                        Insertion rate per base |	0.04%
                       Insertion average length |	2.01
                             MULTI-MAPPING READS:
        Number of reads mapped to multiple loci |	9206773
             % of reads mapped to multiple loci |	9.74%
        Number of reads mapped to too many loci |	22168
             % of reads mapped to too many loci |	0.02%
                                  UNMAPPED READS:
  Number of reads unmapped: too many mismatches |	0
       % of reads unmapped: too many mismatches |	0.00%
            Number of reads unmapped: too short |	9608555
                 % of reads unmapped: too short |	10.16%
                Number of reads unmapped: other |	512478
                     % of reads unmapped: other |	0.54%
                                  CHIMERIC READS:
                       Number of chimeric reads |	0
                            % of chimeric reads |	0.00%
