                                 Started job on |	Aug 22 16:27:28
                             Started mapping on |	Aug 22 16:28:50
                                    Finished on |	Aug 22 19:19:59
       Mapping speed, Million of reads per hour |	32.62

                          Number of input reads |	93048890
                      Average input read length |	309
                                    UNIQUE READS:
                   Uniquely mapped reads number |	76141789
                        Uniquely mapped reads % |	81.83%
                          Average mapped length |	304.73
                       Number of splices: Total |	64843727
            Number of splices: Annotated (sjdb) |	34048684
                       Number of splices: GT/AG |	63761168
                       Number of splices: GC/AG |	549059
                       Number of splices: AT/AC |	6009
               Number of splices: Non-canonical |	527491
                      Mismatch rate per base, % |	0.70%
                         Deletion rate per base |	0.04%
                        Deletion average length |	2.46
                        Insertion rate per base |	0.04%
                       Insertion average length |	1.97
                             MULTI-MAPPING READS:
        Number of reads mapped to multiple loci |	7351541
             % of reads mapped to multiple loci |	7.90%
        Number of reads mapped to too many loci |	17964
             % of reads mapped to too many loci |	0.02%
                                  UNMAPPED READS:
  Number of reads unmapped: too many mismatches |	0
       % of reads unmapped: too many mismatches |	0.00%
            Number of reads unmapped: too short |	9083368
                 % of reads unmapped: too short |	9.76%
                Number of reads unmapped: other |	454228
                     % of reads unmapped: other |	0.49%
                                  CHIMERIC READS:
                       Number of chimeric reads |	0
                            % of chimeric reads |	0.00%
