                                 Started job on |	Aug 22 18:48:53
                             Started mapping on |	Aug 22 18:49:15
                                    Finished on |	Aug 22 19:47:19
       Mapping speed, Million of reads per hour |	105.28

                          Number of input reads |	101892086
                      Average input read length |	303
                                    UNIQUE READS:
                   Uniquely mapped reads number |	83969394
                        Uniquely mapped reads % |	82.41%
                          Average mapped length |	298.98
                       Number of splices: Total |	69325813
            Number of splices: Annotated (sjdb) |	35043962
                       Number of splices: GT/AG |	68005827
                       Number of splices: GC/AG |	545845
                       Number of splices: AT/AC |	7885
               Number of splices: Non-canonical |	766256
                      Mismatch rate per base, % |	0.67%
                         Deletion rate per base |	0.04%
                        Deletion average length |	2.53
                        Insertion rate per base |	0.04%
                       Insertion average length |	1.95
                             MULTI-MAPPING READS:
        Number of reads mapped to multiple loci |	8530642
             % of reads mapped to multiple loci |	8.37%
        Number of reads mapped to too many loci |	38352
             % of reads mapped to too many loci |	0.04%
                                  UNMAPPED READS:
  Number of reads unmapped: too many mismatches |	0
       % of reads unmapped: too many mismatches |	0.00%
            Number of reads unmapped: too short |	8839974
                 % of reads unmapped: too short |	8.68%
                Number of reads unmapped: other |	513724
                     % of reads unmapped: other |	0.50%
                                  CHIMERIC READS:
                       Number of chimeric reads |	0
                            % of chimeric reads |	0.00%
