                                 Started job on |	Aug 22 16:51:37
                             Started mapping on |	Aug 22 16:51:59
                                    Finished on |	Aug 22 17:50:49
       Mapping speed, Million of reads per hour |	95.98

                          Number of input reads |	94112102
                      Average input read length |	308
                                    UNIQUE READS:
                   Uniquely mapped reads number |	77038085
                        Uniquely mapped reads % |	81.86%
                          Average mapped length |	304.05
                       Number of splices: Total |	63048858
            Number of splices: Annotated (sjdb) |	32353691
                       Number of splices: GT/AG |	61998610
                       Number of splices: GC/AG |	486784
                       Number of splices: AT/AC |	6398
               Number of splices: Non-canonical |	557066
                      Mismatch rate per base, % |	0.69%
                         Deletion rate per base |	0.04%
                        Deletion average length |	2.48
                        Insertion rate per base |	0.04%
                       Insertion average length |	1.99
                             MULTI-MAPPING READS:
        Number of reads mapped to multiple loci |	8277668
             % of reads mapped to multiple loci |	8.80%
        Number of reads mapped to too many loci |	22456
             % of reads mapped to too many loci |	0.02%
                                  UNMAPPED READS:
  Number of reads unmapped: too many mismatches |	0
       % of reads unmapped: too many mismatches |	0.00%
            Number of reads unmapped: too short |	8277200
                 % of reads unmapped: too short |	8.80%
                Number of reads unmapped: other |	496693
                     % of reads unmapped: other |	0.53%
                                  CHIMERIC READS:
                       Number of chimeric reads |	0
                            % of chimeric reads |	0.00%
