                                 Started job on |	Aug 22 16:40:01
                             Started mapping on |	Aug 22 16:40:22
                                    Finished on |	Aug 22 18:03:38
       Mapping speed, Million of reads per hour |	67.32

                          Number of input reads |	93429759
                      Average input read length |	307
                                    UNIQUE READS:
                   Uniquely mapped reads number |	72930064
                        Uniquely mapped reads % |	78.06%
                          Average mapped length |	302.09
                       Number of splices: Total |	62029167
            Number of splices: Annotated (sjdb) |	30950002
                       Number of splices: GT/AG |	60862947
                       Number of splices: GC/AG |	530306
                       Number of splices: AT/AC |	6156
               Number of splices: Non-canonical |	629758
                      Mismatch rate per base, % |	0.68%
                         Deletion rate per base |	0.05%
                        Deletion average length |	2.57
                        Insertion rate per base |	0.04%
                       Insertion average length |	2.04
                             MULTI-MAPPING READS:
        Number of reads mapped to multiple loci |	10286365
             % of reads mapped to multiple loci |	11.01%
        Number of reads mapped to too many loci |	124973
             % of reads mapped to too many loci |	0.13%
                                  UNMAPPED READS:
  Number of reads unmapped: too many mismatches |	0
       % of reads unmapped: too many mismatches |	0.00%
            Number of reads unmapped: too short |	8546547
                 % of reads unmapped: too short |	9.15%
                Number of reads unmapped: other |	1541810
                     % of reads unmapped: other |	1.65%
                                  CHIMERIC READS:
                       Number of chimeric reads |	0
                            % of chimeric reads |	0.00%
