                                 Started job on |	Aug 22 18:03:41
                             Started mapping on |	Aug 22 18:04:02
                                    Finished on |	Aug 22 19:02:13
       Mapping speed, Million of reads per hour |	98.54

                          Number of input reads |	95558825
                      Average input read length |	305
                                    UNIQUE READS:
                   Uniquely mapped reads number |	76557393
                        Uniquely mapped reads % |	80.12%
                          Average mapped length |	300.76
                       Number of splices: Total |	65352007
            Number of splices: Annotated (sjdb) |	31718535
                       Number of splices: GT/AG |	64201194
                       Number of splices: GC/AG |	487677
                       Number of splices: AT/AC |	7045
               Number of splices: Non-canonical |	656091
                      Mismatch rate per base, % |	0.67%
                         Deletion rate per base |	0.05%
                        Deletion average length |	2.58
                        Insertion rate per base |	0.04%
                       Insertion average length |	2.03
                             MULTI-MAPPING READS:
        Number of reads mapped to multiple loci |	8822901
             % of reads mapped to multiple loci |	9.23%
        Number of reads mapped to too many loci |	28723
             % of reads mapped to too many loci |	0.03%
                                  UNMAPPED READS:
  Number of reads unmapped: too many mismatches |	0
       % of reads unmapped: too many mismatches |	0.00%
            Number of reads unmapped: too short |	9573028
                 % of reads unmapped: too short |	10.02%
                Number of reads unmapped: other |	576780
                     % of reads unmapped: other |	0.60%
                                  CHIMERIC READS:
                       Number of chimeric reads |	0
                            % of chimeric reads |	0.00%
