                                 Started job on |	Aug 22 19:47:23
                             Started mapping on |	Aug 22 19:48:36
                                    Finished on |	Aug 23 01:37:13
       Mapping speed, Million of reads per hour |	23.86

                          Number of input reads |	138659203
                      Average input read length |	306
                                    UNIQUE READS:
                   Uniquely mapped reads number |	108293848
                        Uniquely mapped reads % |	78.10%
                          Average mapped length |	301.40
                       Number of splices: Total |	83960893
            Number of splices: Annotated (sjdb) |	41191087
                       Number of splices: GT/AG |	82387170
                       Number of splices: GC/AG |	663460
                       Number of splices: AT/AC |	10542
               Number of splices: Non-canonical |	899721
                      Mismatch rate per base, % |	0.68%
                         Deletion rate per base |	0.05%
                        Deletion average length |	2.58
                        Insertion rate per base |	0.04%
                       Insertion average length |	2.14
                             MULTI-MAPPING READS:
        Number of reads mapped to multiple loci |	16423580
             % of reads mapped to multiple loci |	11.84%
        Number of reads mapped to too many loci |	137358
             % of reads mapped to too many loci |	0.10%
                                  UNMAPPED READS:
  Number of reads unmapped: too many mismatches |	0
       % of reads unmapped: too many mismatches |	0.00%
            Number of reads unmapped: too short |	12746253
                 % of reads unmapped: too short |	9.19%
                Number of reads unmapped: other |	1058164
                     % of reads unmapped: other |	0.76%
                                  CHIMERIC READS:
                       Number of chimeric reads |	0
                            % of chimeric reads |	0.00%
