                                 Started job on |	Aug 22 20:04:37
                             Started mapping on |	Aug 22 20:05:02
                                    Finished on |	Aug 22 22:22:06
       Mapping speed, Million of reads per hour |	76.20

                          Number of input reads |	174069388
                      Average input read length |	307
                                    UNIQUE READS:
                   Uniquely mapped reads number |	133468618
                        Uniquely mapped reads % |	76.68%
                          Average mapped length |	302.73
                       Number of splices: Total |	107951541
            Number of splices: Annotated (sjdb) |	54704762
                       Number of splices: GT/AG |	106064669
                       Number of splices: GC/AG |	860496
                       Number of splices: AT/AC |	12131
               Number of splices: Non-canonical |	1014245
                      Mismatch rate per base, % |	0.68%
                         Deletion rate per base |	0.04%
                        Deletion average length |	2.58
                        Insertion rate per base |	0.04%
                       Insertion average length |	2.00
                             MULTI-MAPPING READS:
        Number of reads mapped to multiple loci |	17116770
             % of reads mapped to multiple loci |	9.83%
        Number of reads mapped to too many loci |	161519
             % of reads mapped to too many loci |	0.09%
                                  UNMAPPED READS:
  Number of reads unmapped: too many mismatches |	0
       % of reads unmapped: too many mismatches |	0.00%
            Number of reads unmapped: too short |	21773341
                 % of reads unmapped: too short |	12.51%
                Number of reads unmapped: other |	1549140
                     % of reads unmapped: other |	0.89%
                                  CHIMERIC READS:
                       Number of chimeric reads |	0
                            % of chimeric reads |	0.00%
