                                 Started job on |	Aug 22 17:50:52
                             Started mapping on |	Aug 22 17:51:15
                                    Finished on |	Aug 22 19:14:02
       Mapping speed, Million of reads per hour |	70.25

                          Number of input reads |	96920424
                      Average input read length |	306
                                    UNIQUE READS:
                   Uniquely mapped reads number |	76105611
                        Uniquely mapped reads % |	78.52%
                          Average mapped length |	301.25
                       Number of splices: Total |	68043283
            Number of splices: Annotated (sjdb) |	32992130
                       Number of splices: GT/AG |	66853124
                       Number of splices: GC/AG |	544168
                       Number of splices: AT/AC |	6481
               Number of splices: Non-canonical |	639510
                      Mismatch rate per base, % |	0.66%
                         Deletion rate per base |	0.05%
                        Deletion average length |	2.52
                        Insertion rate per base |	0.04%
                       Insertion average length |	2.03
                             MULTI-MAPPING READS:
        Number of reads mapped to multiple loci |	10568874
             % of reads mapped to multiple loci |	10.90%
        Number of reads mapped to too many loci |	106500
             % of reads mapped to too many loci |	0.11%
                                  UNMAPPED READS:
  Number of reads unmapped: too many mismatches |	0
       % of reads unmapped: too many mismatches |	0.00%
            Number of reads unmapped: too short |	8775654
                 % of reads unmapped: too short |	9.05%
                Number of reads unmapped: other |	1363785
                     % of reads unmapped: other |	1.41%
                                  CHIMERIC READS:
                       Number of chimeric reads |	0
                            % of chimeric reads |	0.00%
