                                 Started job on |	Aug 22 20:07:32
                             Started mapping on |	Aug 22 20:07:55
                                    Finished on |	Aug 22 20:54:19
       Mapping speed, Million of reads per hour |	92.81

                          Number of input reads |	71772979
                      Average input read length |	306
                                    UNIQUE READS:
                   Uniquely mapped reads number |	59236915
                        Uniquely mapped reads % |	82.53%
                          Average mapped length |	302.31
                       Number of splices: Total |	48908327
            Number of splices: Annotated (sjdb) |	25568622
                       Number of splices: GT/AG |	48091597
                       Number of splices: GC/AG |	388851
                       Number of splices: AT/AC |	3970
               Number of splices: Non-canonical |	423909
                      Mismatch rate per base, % |	0.70%
                         Deletion rate per base |	0.04%
                        Deletion average length |	2.48
                        Insertion rate per base |	0.03%
                       Insertion average length |	1.97
                             MULTI-MAPPING READS:
        Number of reads mapped to multiple loci |	5640882
             % of reads mapped to multiple loci |	7.86%
        Number of reads mapped to too many loci |	20633
             % of reads mapped to too many loci |	0.03%
                                  UNMAPPED READS:
  Number of reads unmapped: too many mismatches |	0
       % of reads unmapped: too many mismatches |	0.00%
            Number of reads unmapped: too short |	6501109
                 % of reads unmapped: too short |	9.06%
                Number of reads unmapped: other |	373440
                     % of reads unmapped: other |	0.52%
                                  CHIMERIC READS:
                       Number of chimeric reads |	0
                            % of chimeric reads |	0.00%
