                                 Started job on |	Aug 22 17:31:31
                             Started mapping on |	Aug 22 17:31:56
                                    Finished on |	Aug 22 18:35:57
       Mapping speed, Million of reads per hour |	81.99

                          Number of input reads |	87479575
                      Average input read length |	309
                                    UNIQUE READS:
                   Uniquely mapped reads number |	70786838
                        Uniquely mapped reads % |	80.92%
                          Average mapped length |	304.27
                       Number of splices: Total |	58569496
            Number of splices: Annotated (sjdb) |	30937300
                       Number of splices: GT/AG |	57577289
                       Number of splices: GC/AG |	469349
                       Number of splices: AT/AC |	5204
               Number of splices: Non-canonical |	517654
                      Mismatch rate per base, % |	0.71%
                         Deletion rate per base |	0.04%
                        Deletion average length |	2.50
                        Insertion rate per base |	0.04%
                       Insertion average length |	1.96
                             MULTI-MAPPING READS:
        Number of reads mapped to multiple loci |	8057451
             % of reads mapped to multiple loci |	9.21%
        Number of reads mapped to too many loci |	29021
             % of reads mapped to too many loci |	0.03%
                                  UNMAPPED READS:
  Number of reads unmapped: too many mismatches |	0
       % of reads unmapped: too many mismatches |	0.00%
            Number of reads unmapped: too short |	8112841
                 % of reads unmapped: too short |	9.27%
                Number of reads unmapped: other |	493424
                     % of reads unmapped: other |	0.56%
                                  CHIMERIC READS:
                       Number of chimeric reads |	0
                            % of chimeric reads |	0.00%
