                                 Started job on |	Aug 22 19:13:36
                             Started mapping on |	Aug 22 19:14:02
                                    Finished on |	Aug 22 20:19:17
       Mapping speed, Million of reads per hour |	87.40

                          Number of input reads |	95046388
                      Average input read length |	309
                                    UNIQUE READS:
                   Uniquely mapped reads number |	76901978
                        Uniquely mapped reads % |	80.91%
                          Average mapped length |	304.14
                       Number of splices: Total |	63178197
            Number of splices: Annotated (sjdb) |	32774378
                       Number of splices: GT/AG |	62060606
                       Number of splices: GC/AG |	510769
                       Number of splices: AT/AC |	6361
               Number of splices: Non-canonical |	600461
                      Mismatch rate per base, % |	0.69%
                         Deletion rate per base |	0.05%
                        Deletion average length |	2.49
                        Insertion rate per base |	0.04%
                       Insertion average length |	2.09
                             MULTI-MAPPING READS:
        Number of reads mapped to multiple loci |	8441379
             % of reads mapped to multiple loci |	8.88%
        Number of reads mapped to too many loci |	27073
             % of reads mapped to too many loci |	0.03%
                                  UNMAPPED READS:
  Number of reads unmapped: too many mismatches |	0
       % of reads unmapped: too many mismatches |	0.00%
            Number of reads unmapped: too short |	9154578
                 % of reads unmapped: too short |	9.63%
                Number of reads unmapped: other |	521380
                     % of reads unmapped: other |	0.55%
                                  CHIMERIC READS:
                       Number of chimeric reads |	0
                            % of chimeric reads |	0.00%
