                                 Started job on |	Aug 22 17:21:44
                             Started mapping on |	Aug 22 17:22:06
                                    Finished on |	Aug 22 18:19:56
       Mapping speed, Million of reads per hour |	88.82

                          Number of input reads |	85608166
                      Average input read length |	309
                                    UNIQUE READS:
                   Uniquely mapped reads number |	68394241
                        Uniquely mapped reads % |	79.89%
                          Average mapped length |	304.57
                       Number of splices: Total |	57348387
            Number of splices: Annotated (sjdb) |	28821306
                       Number of splices: GT/AG |	56361839
                       Number of splices: GC/AG |	469192
                       Number of splices: AT/AC |	6402
               Number of splices: Non-canonical |	510954
                      Mismatch rate per base, % |	0.67%
                         Deletion rate per base |	0.05%
                        Deletion average length |	2.63
                        Insertion rate per base |	0.04%
                       Insertion average length |	1.99
                             MULTI-MAPPING READS:
        Number of reads mapped to multiple loci |	8417824
             % of reads mapped to multiple loci |	9.83%
        Number of reads mapped to too many loci |	24394
             % of reads mapped to too many loci |	0.03%
                                  UNMAPPED READS:
  Number of reads unmapped: too many mismatches |	0
       % of reads unmapped: too many mismatches |	0.00%
            Number of reads unmapped: too short |	8255319
                 % of reads unmapped: too short |	9.64%
                Number of reads unmapped: other |	516388
                     % of reads unmapped: other |	0.60%
                                  CHIMERIC READS:
                       Number of chimeric reads |	0
                            % of chimeric reads |	0.00%
