                                 Started job on |	Aug 22 12:06:57
                             Started mapping on |	Aug 22 12:07:22
                                    Finished on |	Aug 22 13:11:05
       Mapping speed, Million of reads per hour |	95.45

                          Number of input reads |	101364181
                      Average input read length |	308
                                    UNIQUE READS:
                   Uniquely mapped reads number |	81983226
                        Uniquely mapped reads % |	80.88%
                          Average mapped length |	303.03
                       Number of splices: Total |	67126677
            Number of splices: Annotated (sjdb) |	35351899
                       Number of splices: GT/AG |	65907448
                       Number of splices: GC/AG |	564733
                       Number of splices: AT/AC |	7115
               Number of splices: Non-canonical |	647381
                      Mismatch rate per base, % |	0.70%
                         Deletion rate per base |	0.05%
                        Deletion average length |	2.60
                        Insertion rate per base |	0.04%
                       Insertion average length |	2.01
                             MULTI-MAPPING READS:
        Number of reads mapped to multiple loci |	9465772
             % of reads mapped to multiple loci |	9.34%
        Number of reads mapped to too many loci |	29728
             % of reads mapped to too many loci |	0.03%
                                  UNMAPPED READS:
  Number of reads unmapped: too many mismatches |	0
       % of reads unmapped: too many mismatches |	0.00%
            Number of reads unmapped: too short |	9279624
                 % of reads unmapped: too short |	9.15%
                Number of reads unmapped: other |	605831
                     % of reads unmapped: other |	0.60%
                                  CHIMERIC READS:
                       Number of chimeric reads |	0
                            % of chimeric reads |	0.00%
