                                 Started job on |	Aug 22 13:55:58
                             Started mapping on |	Aug 22 13:56:45
                                    Finished on |	Aug 22 14:58:24
       Mapping speed, Million of reads per hour |	94.57

                          Number of input reads |	97174371
                      Average input read length |	309
                                    UNIQUE READS:
                   Uniquely mapped reads number |	79016644
                        Uniquely mapped reads % |	81.31%
                          Average mapped length |	303.92
                       Number of splices: Total |	64692895
            Number of splices: Annotated (sjdb) |	33000818
                       Number of splices: GT/AG |	63629559
                       Number of splices: GC/AG |	498555
                       Number of splices: AT/AC |	5321
               Number of splices: Non-canonical |	559460
                      Mismatch rate per base, % |	0.70%
                         Deletion rate per base |	0.04%
                        Deletion average length |	2.49
                        Insertion rate per base |	0.04%
                       Insertion average length |	2.00
                             MULTI-MAPPING READS:
        Number of reads mapped to multiple loci |	8249327
             % of reads mapped to multiple loci |	8.49%
        Number of reads mapped to too many loci |	40470
             % of reads mapped to too many loci |	0.04%
                                  UNMAPPED READS:
  Number of reads unmapped: too many mismatches |	0
       % of reads unmapped: too many mismatches |	0.00%
            Number of reads unmapped: too short |	9279613
                 % of reads unmapped: too short |	9.55%
                Number of reads unmapped: other |	588317
                     % of reads unmapped: other |	0.61%
                                  CHIMERIC READS:
                       Number of chimeric reads |	0
                            % of chimeric reads |	0.00%
