                                 Started job on |	Aug 22 15:07:46
                             Started mapping on |	Aug 22 15:08:11
                                    Finished on |	Aug 22 16:52:09
       Mapping speed, Million of reads per hour |	54.06

                          Number of input reads |	93670186
                      Average input read length |	308
                                    UNIQUE READS:
                   Uniquely mapped reads number |	71343952
                        Uniquely mapped reads % |	76.17%
                          Average mapped length |	303.77
                       Number of splices: Total |	56753004
            Number of splices: Annotated (sjdb) |	26557291
                       Number of splices: GT/AG |	55758460
                       Number of splices: GC/AG |	412754
                       Number of splices: AT/AC |	5910
               Number of splices: Non-canonical |	575880
                      Mismatch rate per base, % |	0.68%
                         Deletion rate per base |	0.05%
                        Deletion average length |	2.64
                        Insertion rate per base |	0.04%
                       Insertion average length |	2.11
                             MULTI-MAPPING READS:
        Number of reads mapped to multiple loci |	11801044
             % of reads mapped to multiple loci |	12.60%
        Number of reads mapped to too many loci |	179668
             % of reads mapped to too many loci |	0.19%
                                  UNMAPPED READS:
  Number of reads unmapped: too many mismatches |	0
       % of reads unmapped: too many mismatches |	0.00%
            Number of reads unmapped: too short |	8357209
                 % of reads unmapped: too short |	8.92%
                Number of reads unmapped: other |	1988313
                     % of reads unmapped: other |	2.12%
                                  CHIMERIC READS:
                       Number of chimeric reads |	0
                            % of chimeric reads |	0.00%
