                                 Started job on |	Aug 22 19:14:05
                             Started mapping on |	Aug 22 19:14:29
                                    Finished on |	Aug 22 20:17:32
       Mapping speed, Million of reads per hour |	91.49

                          Number of input reads |	96136559
                      Average input read length |	302
                                    UNIQUE READS:
                   Uniquely mapped reads number |	78781077
                        Uniquely mapped reads % |	81.95%
                          Average mapped length |	298.37
                       Number of splices: Total |	61873294
            Number of splices: Annotated (sjdb) |	32501360
                       Number of splices: GT/AG |	60735103
                       Number of splices: GC/AG |	508882
                       Number of splices: AT/AC |	6921
               Number of splices: Non-canonical |	622388
                      Mismatch rate per base, % |	0.68%
                         Deletion rate per base |	0.05%
                        Deletion average length |	2.49
                        Insertion rate per base |	0.04%
                       Insertion average length |	1.96
                             MULTI-MAPPING READS:
        Number of reads mapped to multiple loci |	8708416
             % of reads mapped to multiple loci |	9.06%
        Number of reads mapped to too many loci |	28523
             % of reads mapped to too many loci |	0.03%
                                  UNMAPPED READS:
  Number of reads unmapped: too many mismatches |	0
       % of reads unmapped: too many mismatches |	0.00%
            Number of reads unmapped: too short |	8113751
                 % of reads unmapped: too short |	8.44%
                Number of reads unmapped: other |	504792
                     % of reads unmapped: other |	0.53%
                                  CHIMERIC READS:
                       Number of chimeric reads |	0
                            % of chimeric reads |	0.00%
