                                 Started job on |	Aug 22 19:21:53
                             Started mapping on |	Aug 22 19:22:18
                                    Finished on |	Aug 22 20:06:19
       Mapping speed, Million of reads per hour |	104.95

                          Number of input reads |	76991806
                      Average input read length |	307
                                    UNIQUE READS:
                   Uniquely mapped reads number |	62861549
                        Uniquely mapped reads % |	81.65%
                          Average mapped length |	303.15
                       Number of splices: Total |	49749005
            Number of splices: Annotated (sjdb) |	25610534
                       Number of splices: GT/AG |	48871636
                       Number of splices: GC/AG |	374739
                       Number of splices: AT/AC |	5879
               Number of splices: Non-canonical |	496751
                      Mismatch rate per base, % |	0.69%
                         Deletion rate per base |	0.04%
                        Deletion average length |	2.50
                        Insertion rate per base |	0.04%
                       Insertion average length |	1.95
                             MULTI-MAPPING READS:
        Number of reads mapped to multiple loci |	6740039
             % of reads mapped to multiple loci |	8.75%
        Number of reads mapped to too many loci |	18028
             % of reads mapped to too many loci |	0.02%
                                  UNMAPPED READS:
  Number of reads unmapped: too many mismatches |	0
       % of reads unmapped: too many mismatches |	0.00%
            Number of reads unmapped: too short |	6923497
                 % of reads unmapped: too short |	8.99%
                Number of reads unmapped: other |	448693
                     % of reads unmapped: other |	0.58%
                                  CHIMERIC READS:
                       Number of chimeric reads |	0
                            % of chimeric reads |	0.00%
