                                 Started job on |	Aug 22 12:06:57
                             Started mapping on |	Aug 22 12:07:23
                                    Finished on |	Aug 22 13:05:21
       Mapping speed, Million of reads per hour |	102.92

                          Number of input reads |	99436896
                      Average input read length |	310
                                    UNIQUE READS:
                   Uniquely mapped reads number |	81035792
                        Uniquely mapped reads % |	81.49%
                          Average mapped length |	305.90
                       Number of splices: Total |	66372906
            Number of splices: Annotated (sjdb) |	34830350
                       Number of splices: GT/AG |	65313708
                       Number of splices: GC/AG |	501131
                       Number of splices: AT/AC |	6609
               Number of splices: Non-canonical |	551458
                      Mismatch rate per base, % |	0.70%
                         Deletion rate per base |	0.04%
                        Deletion average length |	2.46
                        Insertion rate per base |	0.04%
                       Insertion average length |	1.93
                             MULTI-MAPPING READS:
        Number of reads mapped to multiple loci |	7941356
             % of reads mapped to multiple loci |	7.99%
        Number of reads mapped to too many loci |	20036
             % of reads mapped to too many loci |	0.02%
                                  UNMAPPED READS:
  Number of reads unmapped: too many mismatches |	0
       % of reads unmapped: too many mismatches |	0.00%
            Number of reads unmapped: too short |	9984244
                 % of reads unmapped: too short |	10.04%
                Number of reads unmapped: other |	455468
                     % of reads unmapped: other |	0.46%
                                  CHIMERIC READS:
                       Number of chimeric reads |	0
                            % of chimeric reads |	0.00%
