                                 Started job on |	Aug 22 12:06:57
                             Started mapping on |	Aug 22 12:07:23
                                    Finished on |	Aug 22 13:30:20
       Mapping speed, Million of reads per hour |	75.15

                          Number of input reads |	103900433
                      Average input read length |	309
                                    UNIQUE READS:
                   Uniquely mapped reads number |	81234495
                        Uniquely mapped reads % |	78.18%
                          Average mapped length |	304.51
                       Number of splices: Total |	64809869
            Number of splices: Annotated (sjdb) |	32244461
                       Number of splices: GT/AG |	63727926
                       Number of splices: GC/AG |	476818
                       Number of splices: AT/AC |	7250
               Number of splices: Non-canonical |	597875
                      Mismatch rate per base, % |	0.69%
                         Deletion rate per base |	0.05%
                        Deletion average length |	2.65
                        Insertion rate per base |	0.04%
                       Insertion average length |	2.02
                             MULTI-MAPPING READS:
        Number of reads mapped to multiple loci |	10004566
             % of reads mapped to multiple loci |	9.63%
        Number of reads mapped to too many loci |	75145
             % of reads mapped to too many loci |	0.07%
                                  UNMAPPED READS:
  Number of reads unmapped: too many mismatches |	0
       % of reads unmapped: too many mismatches |	0.00%
            Number of reads unmapped: too short |	11680234
                 % of reads unmapped: too short |	11.24%
                Number of reads unmapped: other |	905993
                     % of reads unmapped: other |	0.87%
                                  CHIMERIC READS:
                       Number of chimeric reads |	0
                            % of chimeric reads |	0.00%
