                                 Started job on |	Aug 22 16:16:25
                             Started mapping on |	Aug 22 16:16:49
                                    Finished on |	Aug 22 17:19:24
       Mapping speed, Million of reads per hour |	86.76

                          Number of input reads |	90491859
                      Average input read length |	309
                                    UNIQUE READS:
                   Uniquely mapped reads number |	71829371
                        Uniquely mapped reads % |	79.38%
                          Average mapped length |	304.12
                       Number of splices: Total |	57245629
            Number of splices: Annotated (sjdb) |	29654449
                       Number of splices: GT/AG |	56228340
                       Number of splices: GC/AG |	441651
                       Number of splices: AT/AC |	6561
               Number of splices: Non-canonical |	569077
                      Mismatch rate per base, % |	0.71%
                         Deletion rate per base |	0.05%
                        Deletion average length |	2.53
                        Insertion rate per base |	0.04%
                       Insertion average length |	2.00
                             MULTI-MAPPING READS:
        Number of reads mapped to multiple loci |	8202307
             % of reads mapped to multiple loci |	9.06%
        Number of reads mapped to too many loci |	20057
             % of reads mapped to too many loci |	0.02%
                                  UNMAPPED READS:
  Number of reads unmapped: too many mismatches |	0
       % of reads unmapped: too many mismatches |	0.00%
            Number of reads unmapped: too short |	9909934
                 % of reads unmapped: too short |	10.95%
                Number of reads unmapped: other |	530190
                     % of reads unmapped: other |	0.59%
                                  CHIMERIC READS:
                       Number of chimeric reads |	0
                            % of chimeric reads |	0.00%
