                                 Started job on |	Aug 22 15:19:51
                             Started mapping on |	Aug 22 15:20:28
                                    Finished on |	Aug 22 16:16:22
       Mapping speed, Million of reads per hour |	102.03

                          Number of input reads |	95057188
                      Average input read length |	309
                                    UNIQUE READS:
                   Uniquely mapped reads number |	77954923
                        Uniquely mapped reads % |	82.01%
                          Average mapped length |	304.86
                       Number of splices: Total |	62990150
            Number of splices: Annotated (sjdb) |	32841885
                       Number of splices: GT/AG |	61848798
                       Number of splices: GC/AG |	549290
                       Number of splices: AT/AC |	6501
               Number of splices: Non-canonical |	585561
                      Mismatch rate per base, % |	0.69%
                         Deletion rate per base |	0.04%
                        Deletion average length |	2.55
                        Insertion rate per base |	0.04%
                       Insertion average length |	1.99
                             MULTI-MAPPING READS:
        Number of reads mapped to multiple loci |	8196641
             % of reads mapped to multiple loci |	8.62%
        Number of reads mapped to too many loci |	21804
             % of reads mapped to too many loci |	0.02%
                                  UNMAPPED READS:
  Number of reads unmapped: too many mismatches |	0
       % of reads unmapped: too many mismatches |	0.00%
            Number of reads unmapped: too short |	8405517
                 % of reads unmapped: too short |	8.84%
                Number of reads unmapped: other |	478303
                     % of reads unmapped: other |	0.50%
                                  CHIMERIC READS:
                       Number of chimeric reads |	0
                            % of chimeric reads |	0.00%
