                                 Started job on |	Aug 22 20:06:22
                             Started mapping on |	Aug 22 20:06:46
                                    Finished on |	Aug 22 21:28:54
       Mapping speed, Million of reads per hour |	71.65

                          Number of input reads |	98082914
                      Average input read length |	305
                                    UNIQUE READS:
                   Uniquely mapped reads number |	77033730
                        Uniquely mapped reads % |	78.54%
                          Average mapped length |	300.66
                       Number of splices: Total |	63162904
            Number of splices: Annotated (sjdb) |	30240567
                       Number of splices: GT/AG |	61880224
                       Number of splices: GC/AG |	528275
                       Number of splices: AT/AC |	5055
               Number of splices: Non-canonical |	749350
                      Mismatch rate per base, % |	0.67%
                         Deletion rate per base |	0.05%
                        Deletion average length |	2.51
                        Insertion rate per base |	0.04%
                       Insertion average length |	2.08
                             MULTI-MAPPING READS:
        Number of reads mapped to multiple loci |	11162263
             % of reads mapped to multiple loci |	11.38%
        Number of reads mapped to too many loci |	64200
             % of reads mapped to too many loci |	0.07%
                                  UNMAPPED READS:
  Number of reads unmapped: too many mismatches |	0
       % of reads unmapped: too many mismatches |	0.00%
            Number of reads unmapped: too short |	8706339
                 % of reads unmapped: too short |	8.88%
                Number of reads unmapped: other |	1116382
                     % of reads unmapped: other |	1.14%
                                  CHIMERIC READS:
                       Number of chimeric reads |	0
                            % of chimeric reads |	0.00%
