                                 Started job on |	Aug 22 20:19:20
                             Started mapping on |	Aug 22 20:19:44
                                    Finished on |	Aug 22 21:26:37
       Mapping speed, Million of reads per hour |	85.81

                          Number of input reads |	95654052
                      Average input read length |	303
                                    UNIQUE READS:
                   Uniquely mapped reads number |	75853448
                        Uniquely mapped reads % |	79.30%
                          Average mapped length |	299.26
                       Number of splices: Total |	61965057
            Number of splices: Annotated (sjdb) |	32065719
                       Number of splices: GT/AG |	60863468
                       Number of splices: GC/AG |	490550
                       Number of splices: AT/AC |	5677
               Number of splices: Non-canonical |	605362
                      Mismatch rate per base, % |	0.69%
                         Deletion rate per base |	0.04%
                        Deletion average length |	2.49
                        Insertion rate per base |	0.04%
                       Insertion average length |	1.95
                             MULTI-MAPPING READS:
        Number of reads mapped to multiple loci |	8549467
             % of reads mapped to multiple loci |	8.94%
        Number of reads mapped to too many loci |	35397
             % of reads mapped to too many loci |	0.04%
                                  UNMAPPED READS:
  Number of reads unmapped: too many mismatches |	0
       % of reads unmapped: too many mismatches |	0.00%
            Number of reads unmapped: too short |	10653052
                 % of reads unmapped: too short |	11.14%
                Number of reads unmapped: other |	562688
                     % of reads unmapped: other |	0.59%
                                  CHIMERIC READS:
                       Number of chimeric reads |	0
                            % of chimeric reads |	0.00%
