                                 Started job on |	Aug 22 12:06:58
                             Started mapping on |	Aug 22 12:08:07
                                    Finished on |	Aug 22 15:45:27
       Mapping speed, Million of reads per hour |	25.50

                          Number of input reads |	92377850
                      Average input read length |	306
                                    UNIQUE READS:
                   Uniquely mapped reads number |	72264263
                        Uniquely mapped reads % |	78.23%
                          Average mapped length |	301.92
                       Number of splices: Total |	61169273
            Number of splices: Annotated (sjdb) |	29403287
                       Number of splices: GT/AG |	60060020
                       Number of splices: GC/AG |	493722
                       Number of splices: AT/AC |	6915
               Number of splices: Non-canonical |	608616
                      Mismatch rate per base, % |	0.68%
                         Deletion rate per base |	0.05%
                        Deletion average length |	2.62
                        Insertion rate per base |	0.04%
                       Insertion average length |	2.02
                             MULTI-MAPPING READS:
        Number of reads mapped to multiple loci |	10510891
             % of reads mapped to multiple loci |	11.38%
        Number of reads mapped to too many loci |	102205
             % of reads mapped to too many loci |	0.11%
                                  UNMAPPED READS:
  Number of reads unmapped: too many mismatches |	0
       % of reads unmapped: too many mismatches |	0.00%
            Number of reads unmapped: too short |	8364362
                 % of reads unmapped: too short |	9.05%
                Number of reads unmapped: other |	1136129
                     % of reads unmapped: other |	1.23%
                                  CHIMERIC READS:
                       Number of chimeric reads |	0
                            % of chimeric reads |	0.00%
