                                 Started job on |	Aug 22 14:22:34
                             Started mapping on |	Aug 22 14:22:57
                                    Finished on |	Aug 22 15:48:00
       Mapping speed, Million of reads per hour |	67.15

                          Number of input reads |	95180002
                      Average input read length |	310
                                    UNIQUE READS:
                   Uniquely mapped reads number |	73770969
                        Uniquely mapped reads % |	77.51%
                          Average mapped length |	305.11
                       Number of splices: Total |	59626711
            Number of splices: Annotated (sjdb) |	29036902
                       Number of splices: GT/AG |	58492010
                       Number of splices: GC/AG |	527104
                       Number of splices: AT/AC |	5162
               Number of splices: Non-canonical |	602435
                      Mismatch rate per base, % |	0.69%
                         Deletion rate per base |	0.05%
                        Deletion average length |	2.59
                        Insertion rate per base |	0.04%
                       Insertion average length |	2.13
                             MULTI-MAPPING READS:
        Number of reads mapped to multiple loci |	10727678
             % of reads mapped to multiple loci |	11.27%
        Number of reads mapped to too many loci |	102376
             % of reads mapped to too many loci |	0.11%
                                  UNMAPPED READS:
  Number of reads unmapped: too many mismatches |	0
       % of reads unmapped: too many mismatches |	0.00%
            Number of reads unmapped: too short |	9099796
                 % of reads unmapped: too short |	9.56%
                Number of reads unmapped: other |	1479183
                     % of reads unmapped: other |	1.55%
                                  CHIMERIC READS:
                       Number of chimeric reads |	0
                            % of chimeric reads |	0.00%
