                                 Started job on |	Aug 22 15:48:03
                             Started mapping on |	Aug 22 15:48:28
                                    Finished on |	Aug 22 17:10:35
       Mapping speed, Million of reads per hour |	60.14

                          Number of input reads |	82302514
                      Average input read length |	310
                                    UNIQUE READS:
                   Uniquely mapped reads number |	62698800
                        Uniquely mapped reads % |	76.18%
                          Average mapped length |	305.28
                       Number of splices: Total |	50472482
            Number of splices: Annotated (sjdb) |	26009932
                       Number of splices: GT/AG |	49526095
                       Number of splices: GC/AG |	421296
                       Number of splices: AT/AC |	5044
               Number of splices: Non-canonical |	520047
                      Mismatch rate per base, % |	0.69%
                         Deletion rate per base |	0.05%
                        Deletion average length |	2.61
                        Insertion rate per base |	0.05%
                       Insertion average length |	2.18
                             MULTI-MAPPING READS:
        Number of reads mapped to multiple loci |	10452598
             % of reads mapped to multiple loci |	12.70%
        Number of reads mapped to too many loci |	108693
             % of reads mapped to too many loci |	0.13%
                                  UNMAPPED READS:
  Number of reads unmapped: too many mismatches |	0
       % of reads unmapped: too many mismatches |	0.00%
            Number of reads unmapped: too short |	7565407
                 % of reads unmapped: too short |	9.19%
                Number of reads unmapped: other |	1477016
                     % of reads unmapped: other |	1.79%
                                  CHIMERIC READS:
                       Number of chimeric reads |	0
                            % of chimeric reads |	0.00%
