                                 Started job on |	Aug 22 15:47:00
                             Started mapping on |	Aug 22 15:47:20
                                    Finished on |	Aug 22 17:04:45
       Mapping speed, Million of reads per hour |	74.29

                          Number of input reads |	95852407
                      Average input read length |	310
                                    UNIQUE READS:
                   Uniquely mapped reads number |	74689353
                        Uniquely mapped reads % |	77.92%
                          Average mapped length |	305.21
                       Number of splices: Total |	59119237
            Number of splices: Annotated (sjdb) |	29796055
                       Number of splices: GT/AG |	58079903
                       Number of splices: GC/AG |	473735
                       Number of splices: AT/AC |	6577
               Number of splices: Non-canonical |	559022
                      Mismatch rate per base, % |	0.69%
                         Deletion rate per base |	0.05%
                        Deletion average length |	2.71
                        Insertion rate per base |	0.04%
                       Insertion average length |	2.19
                             MULTI-MAPPING READS:
        Number of reads mapped to multiple loci |	11069217
             % of reads mapped to multiple loci |	11.55%
        Number of reads mapped to too many loci |	144333
             % of reads mapped to too many loci |	0.15%
                                  UNMAPPED READS:
  Number of reads unmapped: too many mismatches |	0
       % of reads unmapped: too many mismatches |	0.00%
            Number of reads unmapped: too short |	8906978
                 % of reads unmapped: too short |	9.29%
                Number of reads unmapped: other |	1042526
                     % of reads unmapped: other |	1.09%
                                  CHIMERIC READS:
                       Number of chimeric reads |	0
                            % of chimeric reads |	0.00%
