                                 Started job on |	Aug 22 18:19:59
                             Started mapping on |	Aug 22 18:20:20
                                    Finished on |	Aug 22 20:44:16
       Mapping speed, Million of reads per hour |	56.75

                          Number of input reads |	136143569
                      Average input read length |	306
                                    UNIQUE READS:
                   Uniquely mapped reads number |	104693589
                        Uniquely mapped reads % |	76.90%
                          Average mapped length |	301.86
                       Number of splices: Total |	85443658
            Number of splices: Annotated (sjdb) |	41442514
                       Number of splices: GT/AG |	83846510
                       Number of splices: GC/AG |	651716
                       Number of splices: AT/AC |	9490
               Number of splices: Non-canonical |	935942
                      Mismatch rate per base, % |	0.66%
                         Deletion rate per base |	0.05%
                        Deletion average length |	2.68
                        Insertion rate per base |	0.04%
                       Insertion average length |	2.07
                             MULTI-MAPPING READS:
        Number of reads mapped to multiple loci |	17096492
             % of reads mapped to multiple loci |	12.56%
        Number of reads mapped to too many loci |	228688
             % of reads mapped to too many loci |	0.17%
                                  UNMAPPED READS:
  Number of reads unmapped: too many mismatches |	0
       % of reads unmapped: too many mismatches |	0.00%
            Number of reads unmapped: too short |	11514532
                 % of reads unmapped: too short |	8.46%
                Number of reads unmapped: other |	2610268
                     % of reads unmapped: other |	1.92%
                                  CHIMERIC READS:
                       Number of chimeric reads |	0
                            % of chimeric reads |	0.00%
