                                 Started job on |	Aug 22 13:50:52
                             Started mapping on |	Aug 22 13:51:31
                                    Finished on |	Aug 22 15:32:21
       Mapping speed, Million of reads per hour |	57.10

                          Number of input reads |	95959174
                      Average input read length |	308
                                    UNIQUE READS:
                   Uniquely mapped reads number |	72170202
                        Uniquely mapped reads % |	75.21%
                          Average mapped length |	302.59
                       Number of splices: Total |	57756643
            Number of splices: Annotated (sjdb) |	27513658
                       Number of splices: GT/AG |	56646264
                       Number of splices: GC/AG |	463900
                       Number of splices: AT/AC |	7728
               Number of splices: Non-canonical |	638751
                      Mismatch rate per base, % |	0.70%
                         Deletion rate per base |	0.05%
                        Deletion average length |	2.73
                        Insertion rate per base |	0.05%
                       Insertion average length |	2.16
                             MULTI-MAPPING READS:
        Number of reads mapped to multiple loci |	12932307
             % of reads mapped to multiple loci |	13.48%
        Number of reads mapped to too many loci |	184709
             % of reads mapped to too many loci |	0.19%
                                  UNMAPPED READS:
  Number of reads unmapped: too many mismatches |	0
       % of reads unmapped: too many mismatches |	0.00%
            Number of reads unmapped: too short |	9101905
                 % of reads unmapped: too short |	9.49%
                Number of reads unmapped: other |	1570051
                     % of reads unmapped: other |	1.64%
                                  CHIMERIC READS:
                       Number of chimeric reads |	0
                            % of chimeric reads |	0.00%
