                                 Started job on |	Aug 22 20:17:35
                             Started mapping on |	Aug 22 20:17:59
                                    Finished on |	Aug 22 21:27:42
       Mapping speed, Million of reads per hour |	62.35

                          Number of input reads |	72447882
                      Average input read length |	304
                                    UNIQUE READS:
                   Uniquely mapped reads number |	55995628
                        Uniquely mapped reads % |	77.29%
                          Average mapped length |	300.08
                       Number of splices: Total |	47305815
            Number of splices: Annotated (sjdb) |	23056205
                       Number of splices: GT/AG |	46335522
                       Number of splices: GC/AG |	428953
                       Number of splices: AT/AC |	4563
               Number of splices: Non-canonical |	536777
                      Mismatch rate per base, % |	0.68%
                         Deletion rate per base |	0.05%
                        Deletion average length |	2.46
                        Insertion rate per base |	0.04%
                       Insertion average length |	2.06
                             MULTI-MAPPING READS:
        Number of reads mapped to multiple loci |	8601668
             % of reads mapped to multiple loci |	11.87%
        Number of reads mapped to too many loci |	90923
             % of reads mapped to too many loci |	0.13%
                                  UNMAPPED READS:
  Number of reads unmapped: too many mismatches |	0
       % of reads unmapped: too many mismatches |	0.00%
            Number of reads unmapped: too short |	6322352
                 % of reads unmapped: too short |	8.73%
                Number of reads unmapped: other |	1437311
                     % of reads unmapped: other |	1.98%
                                  CHIMERIC READS:
                       Number of chimeric reads |	0
                            % of chimeric reads |	0.00%
