                                 Started job on |	Aug 22 19:20:08
                             Started mapping on |	Aug 22 19:21:28
                                    Finished on |	Aug 23 00:59:54
       Mapping speed, Million of reads per hour |	17.65

                          Number of input reads |	99549710
                      Average input read length |	306
                                    UNIQUE READS:
                   Uniquely mapped reads number |	76081432
                        Uniquely mapped reads % |	76.43%
                          Average mapped length |	302.06
                       Number of splices: Total |	61028763
            Number of splices: Annotated (sjdb) |	30425104
                       Number of splices: GT/AG |	59834416
                       Number of splices: GC/AG |	552496
                       Number of splices: AT/AC |	7364
               Number of splices: Non-canonical |	634487
                      Mismatch rate per base, % |	0.67%
                         Deletion rate per base |	0.05%
                        Deletion average length |	2.59
                        Insertion rate per base |	0.04%
                       Insertion average length |	2.10
                             MULTI-MAPPING READS:
        Number of reads mapped to multiple loci |	13193215
             % of reads mapped to multiple loci |	13.25%
        Number of reads mapped to too many loci |	163817
             % of reads mapped to too many loci |	0.16%
                                  UNMAPPED READS:
  Number of reads unmapped: too many mismatches |	0
       % of reads unmapped: too many mismatches |	0.00%
            Number of reads unmapped: too short |	8066209
                 % of reads unmapped: too short |	8.10%
                Number of reads unmapped: other |	2045037
                     % of reads unmapped: other |	2.05%
                                  CHIMERIC READS:
                       Number of chimeric reads |	0
                            % of chimeric reads |	0.00%
