                                 Started job on |	Aug 22 13:35:34
                             Started mapping on |	Aug 22 13:35:54
                                    Finished on |	Aug 22 14:37:26
       Mapping speed, Million of reads per hour |	82.00

                          Number of input reads |	84100144
                      Average input read length |	307
                                    UNIQUE READS:
                   Uniquely mapped reads number |	68430180
                        Uniquely mapped reads % |	81.37%
                          Average mapped length |	302.94
                       Number of splices: Total |	58246979
            Number of splices: Annotated (sjdb) |	30638899
                       Number of splices: GT/AG |	57226984
                       Number of splices: GC/AG |	530166
                       Number of splices: AT/AC |	5590
               Number of splices: Non-canonical |	484239
                      Mismatch rate per base, % |	0.70%
                         Deletion rate per base |	0.04%
                        Deletion average length |	2.48
                        Insertion rate per base |	0.04%
                       Insertion average length |	1.97
                             MULTI-MAPPING READS:
        Number of reads mapped to multiple loci |	7316278
             % of reads mapped to multiple loci |	8.70%
        Number of reads mapped to too many loci |	20785
             % of reads mapped to too many loci |	0.02%
                                  UNMAPPED READS:
  Number of reads unmapped: too many mismatches |	0
       % of reads unmapped: too many mismatches |	0.00%
            Number of reads unmapped: too short |	7923044
                 % of reads unmapped: too short |	9.42%
                Number of reads unmapped: other |	409857
                     % of reads unmapped: other |	0.49%
                                  CHIMERIC READS:
                       Number of chimeric reads |	0
                            % of chimeric reads |	0.00%
