                                 Started job on |	Aug 22 18:36:00
                             Started mapping on |	Aug 22 18:36:26
                                    Finished on |	Aug 22 20:04:34
       Mapping speed, Million of reads per hour |	90.26

                          Number of input reads |	132575171
                      Average input read length |	304
                                    UNIQUE READS:
                   Uniquely mapped reads number |	108238693
                        Uniquely mapped reads % |	81.64%
                          Average mapped length |	299.92
                       Number of splices: Total |	86492477
            Number of splices: Annotated (sjdb) |	45347274
                       Number of splices: GT/AG |	84895016
                       Number of splices: GC/AG |	701777
                       Number of splices: AT/AC |	9527
               Number of splices: Non-canonical |	886157
                      Mismatch rate per base, % |	0.67%
                         Deletion rate per base |	0.04%
                        Deletion average length |	2.52
                        Insertion rate per base |	0.04%
                       Insertion average length |	1.97
                             MULTI-MAPPING READS:
        Number of reads mapped to multiple loci |	12143162
             % of reads mapped to multiple loci |	9.16%
        Number of reads mapped to too many loci |	57923
             % of reads mapped to too many loci |	0.04%
                                  UNMAPPED READS:
  Number of reads unmapped: too many mismatches |	0
       % of reads unmapped: too many mismatches |	0.00%
            Number of reads unmapped: too short |	11422158
                 % of reads unmapped: too short |	8.62%
                Number of reads unmapped: other |	713235
                     % of reads unmapped: other |	0.54%
                                  CHIMERIC READS:
                       Number of chimeric reads |	0
                            % of chimeric reads |	0.00%
