                                 Started job on |	Aug 22 12:06:57
                             Started mapping on |	Aug 22 12:07:25
                                    Finished on |	Aug 22 13:26:35
       Mapping speed, Million of reads per hour |	93.67

                          Number of input reads |	123588102
                      Average input read length |	306
                                    UNIQUE READS:
                   Uniquely mapped reads number |	98994986
                        Uniquely mapped reads % |	80.10%
                          Average mapped length |	302.34
                       Number of splices: Total |	83792091
            Number of splices: Annotated (sjdb) |	41959303
                       Number of splices: GT/AG |	82436124
                       Number of splices: GC/AG |	614833
                       Number of splices: AT/AC |	8956
               Number of splices: Non-canonical |	732178
                      Mismatch rate per base, % |	0.67%
                         Deletion rate per base |	0.04%
                        Deletion average length |	2.57
                        Insertion rate per base |	0.04%
                       Insertion average length |	1.98
                             MULTI-MAPPING READS:
        Number of reads mapped to multiple loci |	12283580
             % of reads mapped to multiple loci |	9.94%
        Number of reads mapped to too many loci |	79395
             % of reads mapped to too many loci |	0.06%
                                  UNMAPPED READS:
  Number of reads unmapped: too many mismatches |	0
       % of reads unmapped: too many mismatches |	0.00%
            Number of reads unmapped: too short |	11241531
                 % of reads unmapped: too short |	9.10%
                Number of reads unmapped: other |	988610
                     % of reads unmapped: other |	0.80%
                                  CHIMERIC READS:
                       Number of chimeric reads |	0
                            % of chimeric reads |	0.00%
