                                 Started job on |	Aug 22 12:06:58
                             Started mapping on |	Aug 22 12:08:08
                                    Finished on |	Aug 22 16:27:20
       Mapping speed, Million of reads per hour |	24.64

                          Number of input reads |	106426635
                      Average input read length |	307
                                    UNIQUE READS:
                   Uniquely mapped reads number |	82662012
                        Uniquely mapped reads % |	77.67%
                          Average mapped length |	302.94
                       Number of splices: Total |	69227687
            Number of splices: Annotated (sjdb) |	33850961
                       Number of splices: GT/AG |	67927853
                       Number of splices: GC/AG |	579634
                       Number of splices: AT/AC |	6082
               Number of splices: Non-canonical |	714118
                      Mismatch rate per base, % |	0.67%
                         Deletion rate per base |	0.05%
                        Deletion average length |	2.52
                        Insertion rate per base |	0.04%
                       Insertion average length |	2.02
                             MULTI-MAPPING READS:
        Number of reads mapped to multiple loci |	12442090
             % of reads mapped to multiple loci |	11.69%
        Number of reads mapped to too many loci |	109573
             % of reads mapped to too many loci |	0.10%
                                  UNMAPPED READS:
  Number of reads unmapped: too many mismatches |	0
       % of reads unmapped: too many mismatches |	0.00%
            Number of reads unmapped: too short |	9706123
                 % of reads unmapped: too short |	9.12%
                Number of reads unmapped: other |	1506837
                     % of reads unmapped: other |	1.42%
                                  CHIMERIC READS:
                       Number of chimeric reads |	0
                            % of chimeric reads |	0.00%
