[2023-12-20 13:14:05,418] multiqc                                            [DEBUG  ]  No MultiQC config found: /Users/laura/anaconda3/lib/python3.7/site-packages/multiqc_config.yaml
[2023-12-20 13:14:05,418] multiqc                                            [DEBUG  ]  No MultiQC config found: /Users/laura/.multiqc_config.yaml
[2023-12-20 13:14:05,418] multiqc                                            [DEBUG  ]  No MultiQC config found: multiqc_config.yaml
[2023-12-20 13:14:05,418] multiqc                                            [DEBUG  ]  Command used: /Users/laura/anaconda3/bin/multiqc .
[2023-12-20 13:14:06,008] multiqc                                            [WARNING]  MultiQC Version v1.19 now available!
[2023-12-20 13:14:06,008] multiqc                                            [INFO   ]  This is MultiQC v1.9.dev0
[2023-12-20 13:14:06,009] multiqc                                            [DEBUG  ]  Command     : /Users/laura/anaconda3/bin/multiqc .
[2023-12-20 13:14:06,009] multiqc                                            [DEBUG  ]  Working dir : /Users/laura/Documents/NOAA/snow-crab_RNASeq-2022/results/star
[2023-12-20 13:14:06,009] multiqc                                            [INFO   ]  Template    : default
[2023-12-20 13:14:06,009] multiqc                                            [DEBUG  ]  Running Python 3.7.7 (default, Mar 26 2020, 10:32:53)  [Clang 4.0.1 (tags/RELEASE_401/final)]
[2023-12-20 13:14:06,009] multiqc                                            [INFO   ]  Searching   : /Users/laura/Documents/NOAA/snow-crab_RNASeq-2022/results/star
[2023-12-20 13:14:06,010] multiqc                                            [DEBUG  ]  Analysing modules: custom_content, conpair, peddy, methylQA, phantompeakqualtools, qualimap, preseq, quast, qorts, rna_seqc, rsem, rseqc, busco, goleft_indexcov, disambiguate, supernova, deeptools, sargasso, verifybamid, mirtrace, happy, homer, macs2, theta2, snpeff, gatk, htseq, bcftools, featureCounts, fgbio, dedup, damageprofiler, biobambam2, mtnucratio, picard, prokka, samblaster, samtools, sexdeterrmine, bamtools, jellyfish, vcftools, longranger, stacks, bbmap, bismark, biscuit, hicexplorer, hicup, hicpro, salmon, kallisto, slamdunk, star, hisat2, tophat, bowtie2, bowtie1, snpsplit, kat, leehom, adapterRemoval, clipandmerge, cutadapt, flexbar, trimmomatic, skewer, sortmerna, biobloomtools, fastq_screen, afterqc, fastp, fastqc, pycoqc, minionqc, mosdepth, multivcfanalyzer, clusterflow, bcl2fastq, interop, flash, seqyclean
[2023-12-20 13:14:06,010] multiqc                                            [DEBUG  ]  Using temporary directory for creating report: /var/folders/kn/b_4h8b912q3cg5w8v5zg8wfc0000gn/T/tmpg4t6xrvd
[2023-12-20 13:14:06,139] multiqc                                            [DEBUG  ]  Ignoring file as matched an ignore pattern: .DS_Store
[2023-12-20 13:14:06,192] multiqc                                            [DEBUG  ]  File ignored by longranger/invocation because it exceeded search pattern filesize limit: countsfilenames.txt
[2023-12-20 13:14:06,891] multiqc.plots.bargraph                             [DEBUG  ]  Using matplotlib version 3.1.3
[2023-12-20 13:14:06,892] multiqc.plots.linegraph                            [DEBUG  ]  Using matplotlib version 3.1.3
[2023-12-20 13:14:06,894] multiqc                                            [DEBUG  ]  No samples found: custom_content
[2023-12-20 13:14:06,898] multiqc                                            [DEBUG  ]  No samples found: conpair
[2023-12-20 13:14:06,901] multiqc                                            [DEBUG  ]  No samples found: peddy
[2023-12-20 13:14:06,905] multiqc                                            [DEBUG  ]  No samples found: methylQA
[2023-12-20 13:14:06,908] multiqc                                            [DEBUG  ]  No samples found: phantompeakqualtools
[2023-12-20 13:14:06,912] multiqc                                            [DEBUG  ]  No samples found: qualimap
[2023-12-20 13:14:06,915] multiqc                                            [DEBUG  ]  No samples found: preseq
[2023-12-20 13:14:06,918] multiqc                                            [DEBUG  ]  No samples found: quast
[2023-12-20 13:14:06,922] multiqc                                            [DEBUG  ]  No samples found: qorts
[2023-12-20 13:14:06,925] multiqc                                            [DEBUG  ]  No samples found: rna_seqc
[2023-12-20 13:14:06,928] multiqc                                            [DEBUG  ]  No samples found: rsem
[2023-12-20 13:14:06,936] multiqc                                            [DEBUG  ]  No samples found: rseqc
[2023-12-20 13:14:06,940] multiqc                                            [DEBUG  ]  No samples found: busco
[2023-12-20 13:14:06,944] multiqc                                            [DEBUG  ]  No samples found: goleft_indexcov
[2023-12-20 13:14:06,946] multiqc                                            [DEBUG  ]  No samples found: disambiguate
[2023-12-20 13:14:06,949] multiqc                                            [DEBUG  ]  No samples found: supernova
[2023-12-20 13:14:06,956] multiqc                                            [DEBUG  ]  No samples found: deeptools
[2023-12-20 13:14:06,959] multiqc                                            [DEBUG  ]  No samples found: sargasso
[2023-12-20 13:14:06,962] multiqc                                            [DEBUG  ]  No samples found: verifybamid
[2023-12-20 13:14:06,964] multiqc                                            [DEBUG  ]  No samples found: mirtrace
[2023-12-20 13:14:06,967] multiqc                                            [DEBUG  ]  No samples found: happy
[2023-12-20 13:14:06,970] multiqc                                            [DEBUG  ]  No samples found: homer
[2023-12-20 13:14:06,973] multiqc                                            [DEBUG  ]  No samples found: macs2
[2023-12-20 13:14:06,975] multiqc                                            [DEBUG  ]  No samples found: theta2
[2023-12-20 13:14:06,978] multiqc                                            [DEBUG  ]  No samples found: snpeff
[2023-12-20 13:14:06,982] multiqc                                            [DEBUG  ]  No samples found: gatk
[2023-12-20 13:14:06,985] multiqc                                            [DEBUG  ]  No samples found: htseq
[2023-12-20 13:14:06,988] multiqc                                            [DEBUG  ]  No samples found: bcftools
[2023-12-20 13:14:06,991] multiqc                                            [DEBUG  ]  No samples found: featureCounts
[2023-12-20 13:14:06,995] multiqc                                            [DEBUG  ]  No samples found: fgbio
[2023-12-20 13:14:06,997] multiqc                                            [DEBUG  ]  No samples found: dedup
[2023-12-20 13:14:07,000] multiqc                                            [DEBUG  ]  No samples found: damageprofiler
[2023-12-20 13:14:07,010] multiqc                                            [DEBUG  ]  No samples found: biobambam2
[2023-12-20 13:14:07,014] multiqc                                            [DEBUG  ]  No samples found: mtnucratio
[2023-12-20 13:14:07,018] multiqc                                            [DEBUG  ]  No samples found: picard
[2023-12-20 13:14:07,022] multiqc                                            [DEBUG  ]  No samples found: prokka
[2023-12-20 13:14:07,026] multiqc                                            [DEBUG  ]  No samples found: samblaster
[2023-12-20 13:14:07,032] multiqc                                            [DEBUG  ]  No samples found: samtools
[2023-12-20 13:14:07,036] multiqc                                            [DEBUG  ]  No samples found: sexdeterrmine
[2023-12-20 13:14:07,040] multiqc                                            [DEBUG  ]  No samples found: bamtools
[2023-12-20 13:14:07,043] multiqc                                            [DEBUG  ]  No samples found: jellyfish
[2023-12-20 13:14:07,047] multiqc                                            [DEBUG  ]  No samples found: vcftools
[2023-12-20 13:14:07,050] multiqc                                            [DEBUG  ]  No samples found: longranger
[2023-12-20 13:14:07,054] multiqc                                            [DEBUG  ]  No samples found: stacks
[2023-12-20 13:14:07,062] multiqc                                            [DEBUG  ]  No samples found: bbmap
[2023-12-20 13:14:07,065] multiqc                                            [DEBUG  ]  No samples found: bismark
[2023-12-20 13:14:07,068] multiqc                                            [DEBUG  ]  No samples found: biscuit
[2023-12-20 13:14:07,071] multiqc                                            [DEBUG  ]  No samples found: hicexplorer
[2023-12-20 13:14:07,074] multiqc                                            [DEBUG  ]  No samples found: hicup
[2023-12-20 13:14:07,077] multiqc                                            [DEBUG  ]  No samples found: hicpro
[2023-12-20 13:14:07,080] multiqc                                            [DEBUG  ]  No samples found: salmon
[2023-12-20 13:14:07,082] multiqc                                            [DEBUG  ]  No samples found: kallisto
[2023-12-20 13:14:07,085] multiqc                                            [DEBUG  ]  No samples found: slamdunk
[2023-12-20 13:14:07,172] multiqc.modules.star.star                          [DEBUG  ]  Duplicate ReadsPerGene sample name found! Overwriting: 46
[2023-12-20 13:14:07,227] multiqc.modules.star.star                          [DEBUG  ]  Duplicate ReadsPerGene sample name found! Overwriting: 43
[2023-12-20 13:14:07,282] multiqc.modules.star.star                          [DEBUG  ]  Duplicate ReadsPerGene sample name found! Overwriting: 5
[2023-12-20 13:14:07,339] multiqc.modules.star.star                          [DEBUG  ]  Duplicate ReadsPerGene sample name found! Overwriting: 35
[2023-12-20 13:14:07,395] multiqc.modules.star.star                          [DEBUG  ]  Duplicate ReadsPerGene sample name found! Overwriting: 49
[2023-12-20 13:14:07,451] multiqc.modules.star.star                          [DEBUG  ]  Duplicate ReadsPerGene sample name found! Overwriting: 30
[2023-12-20 13:14:07,505] multiqc.modules.star.star                          [DEBUG  ]  Duplicate ReadsPerGene sample name found! Overwriting: 63
[2023-12-20 13:14:07,558] multiqc.modules.star.star                          [DEBUG  ]  Duplicate ReadsPerGene sample name found! Overwriting: 22
[2023-12-20 13:14:07,619] multiqc.modules.star.star                          [DEBUG  ]  Duplicate ReadsPerGene sample name found! Overwriting: 27
[2023-12-20 13:14:07,674] multiqc.modules.star.star                          [DEBUG  ]  Duplicate ReadsPerGene sample name found! Overwriting: 51
[2023-12-20 13:14:07,727] multiqc.modules.star.star                          [DEBUG  ]  Duplicate ReadsPerGene sample name found! Overwriting: 28
[2023-12-20 13:14:07,781] multiqc.modules.star.star                          [DEBUG  ]  Duplicate ReadsPerGene sample name found! Overwriting: 10
[2023-12-20 13:14:07,839] multiqc.modules.star.star                          [DEBUG  ]  Duplicate ReadsPerGene sample name found! Overwriting: 54
[2023-12-20 13:14:07,893] multiqc.modules.star.star                          [DEBUG  ]  Duplicate ReadsPerGene sample name found! Overwriting: 15
[2023-12-20 13:14:07,948] multiqc.modules.star.star                          [DEBUG  ]  Duplicate ReadsPerGene sample name found! Overwriting: 34
[2023-12-20 13:14:08,000] multiqc.modules.star.star                          [DEBUG  ]  Duplicate ReadsPerGene sample name found! Overwriting: 4
[2023-12-20 13:14:08,053] multiqc.modules.star.star                          [DEBUG  ]  Duplicate ReadsPerGene sample name found! Overwriting: 48
[2023-12-20 13:14:08,107] multiqc.modules.star.star                          [DEBUG  ]  Duplicate ReadsPerGene sample name found! Overwriting: 31
[2023-12-20 13:14:08,163] multiqc.modules.star.star                          [DEBUG  ]  Duplicate ReadsPerGene sample name found! Overwriting: 1
[2023-12-20 13:14:08,223] multiqc.modules.star.star                          [DEBUG  ]  Duplicate ReadsPerGene sample name found! Overwriting: 47
[2023-12-20 13:14:08,275] multiqc.modules.star.star                          [DEBUG  ]  Duplicate ReadsPerGene sample name found! Overwriting: 42
[2023-12-20 13:14:08,329] multiqc.modules.star.star                          [DEBUG  ]  Duplicate ReadsPerGene sample name found! Overwriting: 11
[2023-12-20 13:14:08,384] multiqc.modules.star.star                          [DEBUG  ]  Duplicate ReadsPerGene sample name found! Overwriting: 50
[2023-12-20 13:14:08,439] multiqc.modules.star.star                          [DEBUG  ]  Duplicate ReadsPerGene sample name found! Overwriting: 29
[2023-12-20 13:14:08,495] multiqc.modules.star.star                          [DEBUG  ]  Duplicate ReadsPerGene sample name found! Overwriting: 14
[2023-12-20 13:14:08,548] multiqc.modules.star.star                          [DEBUG  ]  Duplicate ReadsPerGene sample name found! Overwriting: 55
[2023-12-20 13:14:08,601] multiqc.modules.star.star                          [DEBUG  ]  Duplicate ReadsPerGene sample name found! Overwriting: 23
[2023-12-20 13:14:08,655] multiqc.modules.star.star                          [DEBUG  ]  Duplicate ReadsPerGene sample name found! Overwriting: 62
[2023-12-20 13:14:08,709] multiqc.modules.star.star                          [DEBUG  ]  Duplicate ReadsPerGene sample name found! Overwriting: 26
[2023-12-20 13:14:08,762] multiqc.modules.star.star                          [DEBUG  ]  Duplicate ReadsPerGene sample name found! Overwriting: 25
[2023-12-20 13:14:08,822] multiqc.modules.star.star                          [DEBUG  ]  Duplicate ReadsPerGene sample name found! Overwriting: 20
[2023-12-20 13:14:08,875] multiqc.modules.star.star                          [DEBUG  ]  Duplicate ReadsPerGene sample name found! Overwriting: 59
[2023-12-20 13:14:08,932] multiqc.modules.star.star                          [DEBUG  ]  Duplicate ReadsPerGene sample name found! Overwriting: 61
[2023-12-20 13:14:08,988] multiqc.modules.star.star                          [DEBUG  ]  Duplicate ReadsPerGene sample name found! Overwriting: 18
[2023-12-20 13:14:09,041] multiqc.modules.star.star                          [DEBUG  ]  Duplicate ReadsPerGene sample name found! Overwriting: 17
[2023-12-20 13:14:09,100] multiqc.modules.star.star                          [DEBUG  ]  Duplicate ReadsPerGene sample name found! Overwriting: 56
[2023-12-20 13:14:09,157] multiqc.modules.star.star                          [DEBUG  ]  Duplicate ReadsPerGene sample name found! Overwriting: 12
[2023-12-20 13:14:09,213] multiqc.modules.star.star                          [DEBUG  ]  Duplicate ReadsPerGene sample name found! Overwriting: 53
[2023-12-20 13:14:09,269] multiqc.modules.star.star                          [DEBUG  ]  Duplicate ReadsPerGene sample name found! Overwriting: 8
[2023-12-20 13:14:09,322] multiqc.modules.star.star                          [DEBUG  ]  Duplicate ReadsPerGene sample name found! Overwriting: 38
[2023-12-20 13:14:09,380] multiqc.modules.star.star                          [DEBUG  ]  Duplicate ReadsPerGene sample name found! Overwriting: 41
[2023-12-20 13:14:09,434] multiqc.modules.star.star                          [DEBUG  ]  Duplicate ReadsPerGene sample name found! Overwriting: 44
[2023-12-20 13:14:09,490] multiqc.modules.star.star                          [DEBUG  ]  Duplicate ReadsPerGene sample name found! Overwriting: 32
[2023-12-20 13:14:09,544] multiqc.modules.star.star                          [DEBUG  ]  Duplicate ReadsPerGene sample name found! Overwriting: 2
[2023-12-20 13:14:09,600] multiqc.modules.star.star                          [DEBUG  ]  Duplicate ReadsPerGene sample name found! Overwriting: 37
[2023-12-20 13:14:09,655] multiqc.modules.star.star                          [DEBUG  ]  Duplicate ReadsPerGene sample name found! Overwriting: 7
[2023-12-20 13:14:09,710] multiqc.modules.star.star                          [DEBUG  ]  Duplicate ReadsPerGene sample name found! Overwriting: 57
[2023-12-20 13:14:09,763] multiqc.modules.star.star                          [DEBUG  ]  Duplicate ReadsPerGene sample name found! Overwriting: 16
[2023-12-20 13:14:09,818] multiqc.modules.star.star                          [DEBUG  ]  Duplicate ReadsPerGene sample name found! Overwriting: 52
[2023-12-20 13:14:09,872] multiqc.modules.star.star                          [DEBUG  ]  Duplicate ReadsPerGene sample name found! Overwriting: 13
[2023-12-20 13:14:09,940] multiqc.modules.star.star                          [DEBUG  ]  Duplicate ReadsPerGene sample name found! Overwriting: 24
[2023-12-20 13:14:10,006] multiqc.modules.star.star                          [DEBUG  ]  Duplicate ReadsPerGene sample name found! Overwriting: 60
[2023-12-20 13:14:10,062] multiqc.modules.star.star                          [DEBUG  ]  Duplicate ReadsPerGene sample name found! Overwriting: 19
[2023-12-20 13:14:10,117] multiqc.modules.star.star                          [DEBUG  ]  Duplicate ReadsPerGene sample name found! Overwriting: 21
[2023-12-20 13:14:10,171] multiqc.modules.star.star                          [DEBUG  ]  Duplicate ReadsPerGene sample name found! Overwriting: 58
[2023-12-20 13:14:10,225] multiqc.modules.star.star                          [DEBUG  ]  Duplicate ReadsPerGene sample name found! Overwriting: 3
[2023-12-20 13:14:10,280] multiqc.modules.star.star                          [DEBUG  ]  Duplicate ReadsPerGene sample name found! Overwriting: 33
[2023-12-20 13:14:10,333] multiqc.modules.star.star                          [DEBUG  ]  Duplicate ReadsPerGene sample name found! Overwriting: 6
[2023-12-20 13:14:10,394] multiqc.modules.star.star                          [DEBUG  ]  Duplicate ReadsPerGene sample name found! Overwriting: 36
[2023-12-20 13:14:10,450] multiqc.modules.star.star                          [DEBUG  ]  Duplicate ReadsPerGene sample name found! Overwriting: 39
[2023-12-20 13:14:10,503] multiqc.modules.star.star                          [DEBUG  ]  Duplicate ReadsPerGene sample name found! Overwriting: 40
[2023-12-20 13:14:10,555] multiqc.modules.star.star                          [DEBUG  ]  Duplicate ReadsPerGene sample name found! Overwriting: 9
[2023-12-20 13:14:10,610] multiqc.modules.star.star                          [DEBUG  ]  Duplicate ReadsPerGene sample name found! Overwriting: 45
[2023-12-20 13:14:10,611] multiqc.modules.star.star                          [INFO   ]  Found 63 reports and 63 gene count files
[2023-12-20 13:14:10,621] multiqc                                            [DEBUG  ]  No samples found: hisat2
[2023-12-20 13:14:10,623] multiqc                                            [DEBUG  ]  No samples found: tophat
[2023-12-20 13:14:10,626] multiqc                                            [DEBUG  ]  No samples found: bowtie2
[2023-12-20 13:14:10,629] multiqc                                            [DEBUG  ]  No samples found: bowtie1
[2023-12-20 13:14:10,631] multiqc                                            [DEBUG  ]  No samples found: snpsplit
[2023-12-20 13:14:10,634] multiqc                                            [DEBUG  ]  No samples found: kat
[2023-12-20 13:14:10,637] multiqc                                            [DEBUG  ]  No samples found: leehom
[2023-12-20 13:14:10,640] multiqc                                            [DEBUG  ]  No samples found: adapterRemoval
[2023-12-20 13:14:10,642] multiqc                                            [DEBUG  ]  No samples found: clipandmerge
[2023-12-20 13:14:10,645] multiqc                                            [DEBUG  ]  No samples found: cutadapt
[2023-12-20 13:14:10,648] multiqc                                            [DEBUG  ]  No samples found: flexbar
[2023-12-20 13:14:10,650] multiqc                                            [DEBUG  ]  No samples found: trimmomatic
[2023-12-20 13:14:10,653] multiqc                                            [DEBUG  ]  No samples found: skewer
[2023-12-20 13:14:10,656] multiqc                                            [DEBUG  ]  No samples found: sortmerna
[2023-12-20 13:14:10,658] multiqc                                            [DEBUG  ]  No samples found: biobloomtools
[2023-12-20 13:14:10,662] multiqc                                            [DEBUG  ]  No samples found: fastq_screen
[2023-12-20 13:14:10,668] multiqc                                            [DEBUG  ]  No samples found: afterqc
[2023-12-20 13:14:10,672] multiqc                                            [DEBUG  ]  No samples found: fastp
[2023-12-20 13:14:10,676] multiqc                                            [DEBUG  ]  No samples found: fastqc
[2023-12-20 13:14:10,680] multiqc                                            [DEBUG  ]  No samples found: pycoqc
[2023-12-20 13:14:10,684] multiqc                                            [DEBUG  ]  No samples found: minionqc
[2023-12-20 13:14:10,687] multiqc                                            [DEBUG  ]  No samples found: mosdepth
[2023-12-20 13:14:10,690] multiqc                                            [DEBUG  ]  No samples found: multivcfanalyzer
[2023-12-20 13:14:10,693] multiqc                                            [DEBUG  ]  No samples found: clusterflow
[2023-12-20 13:14:10,696] multiqc                                            [DEBUG  ]  No samples found: bcl2fastq
[2023-12-20 13:14:10,699] multiqc                                            [DEBUG  ]  No samples found: interop
[2023-12-20 13:14:10,702] multiqc                                            [DEBUG  ]  No samples found: flash
[2023-12-20 13:14:10,705] multiqc                                            [DEBUG  ]  No samples found: seqyclean
[2023-12-20 13:14:10,728] multiqc                                            [INFO   ]  Compressing plot data
[2023-12-20 13:14:10,758] multiqc                                            [INFO   ]  Report      : multiqc_report.html
[2023-12-20 13:14:10,758] multiqc                                            [INFO   ]  Data        : multiqc_data
[2023-12-20 13:14:10,758] multiqc                                            [DEBUG  ]  Moving data file from '/var/folders/kn/b_4h8b912q3cg5w8v5zg8wfc0000gn/T/tmpg4t6xrvd/multiqc_data/multiqc_star.txt' to '/Users/laura/Documents/NOAA/snow-crab_RNASeq-2022/results/star/multiqc_data'
[2023-12-20 13:14:10,758] multiqc                                            [DEBUG  ]  Moving data file from '/var/folders/kn/b_4h8b912q3cg5w8v5zg8wfc0000gn/T/tmpg4t6xrvd/multiqc_data/multiqc_general_stats.txt' to '/Users/laura/Documents/NOAA/snow-crab_RNASeq-2022/results/star/multiqc_data'
[2023-12-20 13:14:10,758] multiqc                                            [DEBUG  ]  Moving data file from '/var/folders/kn/b_4h8b912q3cg5w8v5zg8wfc0000gn/T/tmpg4t6xrvd/multiqc_data/multiqc_sources.txt' to '/Users/laura/Documents/NOAA/snow-crab_RNASeq-2022/results/star/multiqc_data'
[2023-12-20 13:14:10,759] multiqc                                            [DEBUG  ]  Moving data file from '/var/folders/kn/b_4h8b912q3cg5w8v5zg8wfc0000gn/T/tmpg4t6xrvd/multiqc_data/multiqc_data.json' to '/Users/laura/Documents/NOAA/snow-crab_RNASeq-2022/results/star/multiqc_data'
[2023-12-20 13:14:10,861] multiqc                                            [INFO   ]  MultiQC complete
