                                 Started job on |	Oct 20 00:56:41
                             Started mapping on |	Oct 20 00:56:58
                                    Finished on |	Oct 20 02:02:32
       Mapping speed, Million of reads per hour |	113.10

                          Number of input reads |	123588099
                      Average input read length |	306
                                    UNIQUE READS:
                   Uniquely mapped reads number |	71024586
                        Uniquely mapped reads % |	57.47%
                          Average mapped length |	300.46
                       Number of splices: Total |	59332164
            Number of splices: Annotated (sjdb) |	28977883
                       Number of splices: GT/AG |	57765971
                       Number of splices: GC/AG |	551425
                       Number of splices: AT/AC |	6845
               Number of splices: Non-canonical |	1007923
                      Mismatch rate per base, % |	1.05%
                         Deletion rate per base |	0.08%
                        Deletion average length |	2.31
                        Insertion rate per base |	0.07%
                       Insertion average length |	1.82
                             MULTI-MAPPING READS:
        Number of reads mapped to multiple loci |	21093278
             % of reads mapped to multiple loci |	17.07%
        Number of reads mapped to too many loci |	60410
             % of reads mapped to too many loci |	0.05%
                                  UNMAPPED READS:
  Number of reads unmapped: too many mismatches |	0
       % of reads unmapped: too many mismatches |	0.00%
            Number of reads unmapped: too short |	28788574
                 % of reads unmapped: too short |	23.29%
                Number of reads unmapped: other |	2621251
                     % of reads unmapped: other |	2.12%
                                  CHIMERIC READS:
                       Number of chimeric reads |	0
                            % of chimeric reads |	0.00%
