                                 Started job on |	Oct 20 02:02:32
                             Started mapping on |	Oct 20 02:02:48
                                    Finished on |	Oct 20 02:58:48
       Mapping speed, Million of reads per hour |	108.60

                          Number of input reads |	101364177
                      Average input read length |	308
                                    UNIQUE READS:
                   Uniquely mapped reads number |	59098331
                        Uniquely mapped reads % |	58.30%
                          Average mapped length |	301.24
                       Number of splices: Total |	48332275
            Number of splices: Annotated (sjdb) |	24173394
                       Number of splices: GT/AG |	46949879
                       Number of splices: GC/AG |	544474
                       Number of splices: AT/AC |	5102
               Number of splices: Non-canonical |	832820
                      Mismatch rate per base, % |	1.08%
                         Deletion rate per base |	0.08%
                        Deletion average length |	2.39
                        Insertion rate per base |	0.07%
                       Insertion average length |	2.07
                             MULTI-MAPPING READS:
        Number of reads mapped to multiple loci |	17615721
             % of reads mapped to multiple loci |	17.38%
        Number of reads mapped to too many loci |	33919
             % of reads mapped to too many loci |	0.03%
                                  UNMAPPED READS:
  Number of reads unmapped: too many mismatches |	0
       % of reads unmapped: too many mismatches |	0.00%
            Number of reads unmapped: too short |	22756622
                 % of reads unmapped: too short |	22.45%
                Number of reads unmapped: other |	1859584
                     % of reads unmapped: other |	1.83%
                                  CHIMERIC READS:
                       Number of chimeric reads |	0
                            % of chimeric reads |	0.00%
