                                 Started job on |	Oct 20 05:02:38
                             Started mapping on |	Oct 20 05:02:55
                                    Finished on |	Oct 20 06:00:48
       Mapping speed, Million of reads per hour |	95.76

                          Number of input reads |	92377841
                      Average input read length |	306
                                    UNIQUE READS:
                   Uniquely mapped reads number |	51741190
                        Uniquely mapped reads % |	56.01%
                          Average mapped length |	300.10
                       Number of splices: Total |	43133664
            Number of splices: Annotated (sjdb) |	20640595
                       Number of splices: GT/AG |	41858044
                       Number of splices: GC/AG |	493945
                       Number of splices: AT/AC |	5527
               Number of splices: Non-canonical |	776148
                      Mismatch rate per base, % |	1.06%
                         Deletion rate per base |	0.09%
                        Deletion average length |	2.33
                        Insertion rate per base |	0.07%
                       Insertion average length |	1.79
                             MULTI-MAPPING READS:
        Number of reads mapped to multiple loci |	16384922
             % of reads mapped to multiple loci |	17.74%
        Number of reads mapped to too many loci |	96885
             % of reads mapped to too many loci |	0.10%
                                  UNMAPPED READS:
  Number of reads unmapped: too many mismatches |	0
       % of reads unmapped: too many mismatches |	0.00%
            Number of reads unmapped: too short |	20846116
                 % of reads unmapped: too short |	22.57%
                Number of reads unmapped: other |	3308728
                     % of reads unmapped: other |	3.58%
                                  CHIMERIC READS:
                       Number of chimeric reads |	0
                            % of chimeric reads |	0.00%
