                                 Started job on |	Oct 20 08:18:36
                             Started mapping on |	Oct 20 08:18:53
                                    Finished on |	Oct 20 09:03:29
       Mapping speed, Million of reads per hour |	114.45

                          Number of input reads |	85072530
                      Average input read length |	305
                                    UNIQUE READS:
                   Uniquely mapped reads number |	50840951
                        Uniquely mapped reads % |	59.76%
                          Average mapped length |	299.38
                       Number of splices: Total |	41563778
            Number of splices: Annotated (sjdb) |	20494558
                       Number of splices: GT/AG |	40519577
                       Number of splices: GC/AG |	387183
                       Number of splices: AT/AC |	4231
               Number of splices: Non-canonical |	652787
                      Mismatch rate per base, % |	1.07%
                         Deletion rate per base |	0.08%
                        Deletion average length |	2.30
                        Insertion rate per base |	0.07%
                       Insertion average length |	1.91
                             MULTI-MAPPING READS:
        Number of reads mapped to multiple loci |	15689740
             % of reads mapped to multiple loci |	18.44%
        Number of reads mapped to too many loci |	27766
             % of reads mapped to too many loci |	0.03%
                                  UNMAPPED READS:
  Number of reads unmapped: too many mismatches |	0
       % of reads unmapped: too many mismatches |	0.00%
            Number of reads unmapped: too short |	17244541
                 % of reads unmapped: too short |	20.27%
                Number of reads unmapped: other |	1269532
                     % of reads unmapped: other |	1.49%
                                  CHIMERIC READS:
                       Number of chimeric reads |	0
                            % of chimeric reads |	0.00%
