                                 Started job on |	Oct 20 18:09:07
                             Started mapping on |	Oct 20 18:09:24
                                    Finished on |	Oct 20 19:01:12
       Mapping speed, Million of reads per hour |	110.01

                          Number of input reads |	94977388
                      Average input read length |	310
                                    UNIQUE READS:
                   Uniquely mapped reads number |	54056202
                        Uniquely mapped reads % |	56.91%
                          Average mapped length |	303.12
                       Number of splices: Total |	43936927
            Number of splices: Annotated (sjdb) |	21988353
                       Number of splices: GT/AG |	42647616
                       Number of splices: GC/AG |	437643
                       Number of splices: AT/AC |	4099
               Number of splices: Non-canonical |	847569
                      Mismatch rate per base, % |	1.11%
                         Deletion rate per base |	0.08%
                        Deletion average length |	2.24
                        Insertion rate per base |	0.08%
                       Insertion average length |	1.91
                             MULTI-MAPPING READS:
        Number of reads mapped to multiple loci |	16232092
             % of reads mapped to multiple loci |	17.09%
        Number of reads mapped to too many loci |	62575
             % of reads mapped to too many loci |	0.07%
                                  UNMAPPED READS:
  Number of reads unmapped: too many mismatches |	0
       % of reads unmapped: too many mismatches |	0.00%
            Number of reads unmapped: too short |	22856526
                 % of reads unmapped: too short |	24.07%
                Number of reads unmapped: other |	1769993
                     % of reads unmapped: other |	1.86%
                                  CHIMERIC READS:
                       Number of chimeric reads |	0
                            % of chimeric reads |	0.00%
