                                 Started job on |	Oct 20 20:52:53
                             Started mapping on |	Oct 20 20:53:09
                                    Finished on |	Oct 20 21:43:50
       Mapping speed, Million of reads per hour |	100.12

                          Number of input reads |	84577477
                      Average input read length |	309
                                    UNIQUE READS:
                   Uniquely mapped reads number |	45074089
                        Uniquely mapped reads % |	53.29%
                          Average mapped length |	301.92
                       Number of splices: Total |	37094394
            Number of splices: Annotated (sjdb) |	17889615
                       Number of splices: GT/AG |	36140714
                       Number of splices: GC/AG |	313645
                       Number of splices: AT/AC |	3457
               Number of splices: Non-canonical |	636578
                      Mismatch rate per base, % |	1.11%
                         Deletion rate per base |	0.08%
                        Deletion average length |	2.33
                        Insertion rate per base |	0.08%
                       Insertion average length |	1.94
                             MULTI-MAPPING READS:
        Number of reads mapped to multiple loci |	14265638
             % of reads mapped to multiple loci |	16.87%
        Number of reads mapped to too many loci |	47429
             % of reads mapped to too many loci |	0.06%
                                  UNMAPPED READS:
  Number of reads unmapped: too many mismatches |	0
       % of reads unmapped: too many mismatches |	0.00%
            Number of reads unmapped: too short |	21456033
                 % of reads unmapped: too short |	25.37%
                Number of reads unmapped: other |	3734288
                     % of reads unmapped: other |	4.42%
                                  CHIMERIC READS:
                       Number of chimeric reads |	0
                            % of chimeric reads |	0.00%
