                                 Started job on |	Oct 21 07:34:20
                             Started mapping on |	Oct 21 07:34:37
                                    Finished on |	Oct 21 08:38:05
       Mapping speed, Million of reads per hour |	91.63

                          Number of input reads |	96920419
                      Average input read length |	306
                                    UNIQUE READS:
                   Uniquely mapped reads number |	54902056
                        Uniquely mapped reads % |	56.65%
                          Average mapped length |	299.57
                       Number of splices: Total |	48327383
            Number of splices: Annotated (sjdb) |	22990763
                       Number of splices: GT/AG |	46922864
                       Number of splices: GC/AG |	526922
                       Number of splices: AT/AC |	5465
               Number of splices: Non-canonical |	872132
                      Mismatch rate per base, % |	1.03%
                         Deletion rate per base |	0.09%
                        Deletion average length |	2.29
                        Insertion rate per base |	0.08%
                       Insertion average length |	1.80
                             MULTI-MAPPING READS:
        Number of reads mapped to multiple loci |	16101247
             % of reads mapped to multiple loci |	16.61%
        Number of reads mapped to too many loci |	136823
             % of reads mapped to too many loci |	0.14%
                                  UNMAPPED READS:
  Number of reads unmapped: too many mismatches |	0
       % of reads unmapped: too many mismatches |	0.00%
            Number of reads unmapped: too short |	22512549
                 % of reads unmapped: too short |	23.23%
                Number of reads unmapped: other |	3267744
                     % of reads unmapped: other |	3.37%
                                  CHIMERIC READS:
                       Number of chimeric reads |	0
                            % of chimeric reads |	0.00%
