                                 Started job on |	Oct 19 16:48:04
                             Started mapping on |	Oct 19 16:48:21
                                    Finished on |	Oct 19 17:27:21
       Mapping speed, Million of reads per hour |	118.45

                          Number of input reads |	76991790
                      Average input read length |	307
                                    UNIQUE READS:
                   Uniquely mapped reads number |	45106792
                        Uniquely mapped reads % |	58.59%
                          Average mapped length |	301.25
                       Number of splices: Total |	35964162
            Number of splices: Annotated (sjdb) |	18162036
                       Number of splices: GT/AG |	35025198
                       Number of splices: GC/AG |	336900
                       Number of splices: AT/AC |	4063
               Number of splices: Non-canonical |	598001
                      Mismatch rate per base, % |	1.08%
                         Deletion rate per base |	0.08%
                        Deletion average length |	2.33
                        Insertion rate per base |	0.07%
                       Insertion average length |	1.92
                             MULTI-MAPPING READS:
        Number of reads mapped to multiple loci |	13345977
             % of reads mapped to multiple loci |	17.33%
        Number of reads mapped to too many loci |	18526
             % of reads mapped to too many loci |	0.02%
                                  UNMAPPED READS:
  Number of reads unmapped: too many mismatches |	0
       % of reads unmapped: too many mismatches |	0.00%
            Number of reads unmapped: too short |	17145369
                 % of reads unmapped: too short |	22.27%
                Number of reads unmapped: other |	1375126
                     % of reads unmapped: other |	1.79%
                                  CHIMERIC READS:
                       Number of chimeric reads |	0
                            % of chimeric reads |	0.00%
